ARM GAS  C:\Users\chesn\AppData\Local\Temp\ccboJ9WQ.s 			page 1


   1              		.cpu cortex-m7
   2              		.eabi_attribute 28, 1
   3              		.eabi_attribute 20, 1
   4              		.eabi_attribute 21, 1
   5              		.eabi_attribute 23, 3
   6              		.eabi_attribute 24, 1
   7              		.eabi_attribute 25, 1
   8              		.eabi_attribute 26, 1
   9              		.eabi_attribute 30, 1
  10              		.eabi_attribute 34, 1
  11              		.eabi_attribute 18, 4
  12              		.file	"stm32h7xx_hal_pcd_ex.c"
  13              		.text
  14              	.Ltext0:
  15              		.cfi_sections	.debug_frame
  16              		.section	.text.HAL_PCDEx_SetTxFiFo,"ax",%progbits
  17              		.align	1
  18              		.global	HAL_PCDEx_SetTxFiFo
  19              		.arch armv7e-m
  20              		.syntax unified
  21              		.thumb
  22              		.thumb_func
  23              		.fpu fpv5-d16
  25              	HAL_PCDEx_SetTxFiFo:
  26              	.LVL0:
  27              	.LFB141:
  28              		.file 1 "Drivers/STM32H7xx_HAL_Driver/Src/stm32h7xx_hal_pcd_ex.c"
   1:Drivers/STM32H7xx_HAL_Driver/Src/stm32h7xx_hal_pcd_ex.c **** /**
   2:Drivers/STM32H7xx_HAL_Driver/Src/stm32h7xx_hal_pcd_ex.c ****   ******************************************************************************
   3:Drivers/STM32H7xx_HAL_Driver/Src/stm32h7xx_hal_pcd_ex.c ****   * @file    stm32h7xx_hal_pcd_ex.c
   4:Drivers/STM32H7xx_HAL_Driver/Src/stm32h7xx_hal_pcd_ex.c ****   * @author  MCD Application Team
   5:Drivers/STM32H7xx_HAL_Driver/Src/stm32h7xx_hal_pcd_ex.c ****   * @brief   PCD Extended HAL module driver.
   6:Drivers/STM32H7xx_HAL_Driver/Src/stm32h7xx_hal_pcd_ex.c ****   *          This file provides firmware functions to manage the following
   7:Drivers/STM32H7xx_HAL_Driver/Src/stm32h7xx_hal_pcd_ex.c ****   *          functionalities of the USB Peripheral Controller:
   8:Drivers/STM32H7xx_HAL_Driver/Src/stm32h7xx_hal_pcd_ex.c ****   *           + Extended features functions
   9:Drivers/STM32H7xx_HAL_Driver/Src/stm32h7xx_hal_pcd_ex.c ****   *
  10:Drivers/STM32H7xx_HAL_Driver/Src/stm32h7xx_hal_pcd_ex.c ****   ******************************************************************************
  11:Drivers/STM32H7xx_HAL_Driver/Src/stm32h7xx_hal_pcd_ex.c ****   * @attention
  12:Drivers/STM32H7xx_HAL_Driver/Src/stm32h7xx_hal_pcd_ex.c ****   *
  13:Drivers/STM32H7xx_HAL_Driver/Src/stm32h7xx_hal_pcd_ex.c ****   * <h2><center>&copy; Copyright (c) 2017 STMicroelectronics.
  14:Drivers/STM32H7xx_HAL_Driver/Src/stm32h7xx_hal_pcd_ex.c ****   * All rights reserved.</center></h2>
  15:Drivers/STM32H7xx_HAL_Driver/Src/stm32h7xx_hal_pcd_ex.c ****   *
  16:Drivers/STM32H7xx_HAL_Driver/Src/stm32h7xx_hal_pcd_ex.c ****   * This software component is licensed by ST under BSD 3-Clause license,
  17:Drivers/STM32H7xx_HAL_Driver/Src/stm32h7xx_hal_pcd_ex.c ****   * the "License"; You may not use this file except in compliance with the
  18:Drivers/STM32H7xx_HAL_Driver/Src/stm32h7xx_hal_pcd_ex.c ****   * License. You may obtain a copy of the License at:
  19:Drivers/STM32H7xx_HAL_Driver/Src/stm32h7xx_hal_pcd_ex.c ****   *                        opensource.org/licenses/BSD-3-Clause
  20:Drivers/STM32H7xx_HAL_Driver/Src/stm32h7xx_hal_pcd_ex.c ****   *
  21:Drivers/STM32H7xx_HAL_Driver/Src/stm32h7xx_hal_pcd_ex.c ****   ******************************************************************************
  22:Drivers/STM32H7xx_HAL_Driver/Src/stm32h7xx_hal_pcd_ex.c ****   */
  23:Drivers/STM32H7xx_HAL_Driver/Src/stm32h7xx_hal_pcd_ex.c **** 
  24:Drivers/STM32H7xx_HAL_Driver/Src/stm32h7xx_hal_pcd_ex.c **** /* Includes ------------------------------------------------------------------*/
  25:Drivers/STM32H7xx_HAL_Driver/Src/stm32h7xx_hal_pcd_ex.c **** #include "stm32h7xx_hal.h"
  26:Drivers/STM32H7xx_HAL_Driver/Src/stm32h7xx_hal_pcd_ex.c **** 
  27:Drivers/STM32H7xx_HAL_Driver/Src/stm32h7xx_hal_pcd_ex.c **** /** @addtogroup STM32H7xx_HAL_Driver
  28:Drivers/STM32H7xx_HAL_Driver/Src/stm32h7xx_hal_pcd_ex.c ****   * @{
  29:Drivers/STM32H7xx_HAL_Driver/Src/stm32h7xx_hal_pcd_ex.c ****   */
  30:Drivers/STM32H7xx_HAL_Driver/Src/stm32h7xx_hal_pcd_ex.c **** 
ARM GAS  C:\Users\chesn\AppData\Local\Temp\ccboJ9WQ.s 			page 2


  31:Drivers/STM32H7xx_HAL_Driver/Src/stm32h7xx_hal_pcd_ex.c **** /** @defgroup PCDEx PCDEx
  32:Drivers/STM32H7xx_HAL_Driver/Src/stm32h7xx_hal_pcd_ex.c ****   * @brief PCD Extended HAL module driver
  33:Drivers/STM32H7xx_HAL_Driver/Src/stm32h7xx_hal_pcd_ex.c ****   * @{
  34:Drivers/STM32H7xx_HAL_Driver/Src/stm32h7xx_hal_pcd_ex.c ****   */
  35:Drivers/STM32H7xx_HAL_Driver/Src/stm32h7xx_hal_pcd_ex.c **** 
  36:Drivers/STM32H7xx_HAL_Driver/Src/stm32h7xx_hal_pcd_ex.c **** #ifdef HAL_PCD_MODULE_ENABLED
  37:Drivers/STM32H7xx_HAL_Driver/Src/stm32h7xx_hal_pcd_ex.c **** 
  38:Drivers/STM32H7xx_HAL_Driver/Src/stm32h7xx_hal_pcd_ex.c **** #if defined (USB_OTG_FS) || defined (USB_OTG_HS)
  39:Drivers/STM32H7xx_HAL_Driver/Src/stm32h7xx_hal_pcd_ex.c **** /* Private types -------------------------------------------------------------*/
  40:Drivers/STM32H7xx_HAL_Driver/Src/stm32h7xx_hal_pcd_ex.c **** /* Private variables ---------------------------------------------------------*/
  41:Drivers/STM32H7xx_HAL_Driver/Src/stm32h7xx_hal_pcd_ex.c **** /* Private constants ---------------------------------------------------------*/
  42:Drivers/STM32H7xx_HAL_Driver/Src/stm32h7xx_hal_pcd_ex.c **** /* Private macros ------------------------------------------------------------*/
  43:Drivers/STM32H7xx_HAL_Driver/Src/stm32h7xx_hal_pcd_ex.c **** /* Private functions ---------------------------------------------------------*/
  44:Drivers/STM32H7xx_HAL_Driver/Src/stm32h7xx_hal_pcd_ex.c **** /* Exported functions --------------------------------------------------------*/
  45:Drivers/STM32H7xx_HAL_Driver/Src/stm32h7xx_hal_pcd_ex.c **** 
  46:Drivers/STM32H7xx_HAL_Driver/Src/stm32h7xx_hal_pcd_ex.c **** /** @defgroup PCDEx_Exported_Functions PCDEx Exported Functions
  47:Drivers/STM32H7xx_HAL_Driver/Src/stm32h7xx_hal_pcd_ex.c ****   * @{
  48:Drivers/STM32H7xx_HAL_Driver/Src/stm32h7xx_hal_pcd_ex.c ****   */
  49:Drivers/STM32H7xx_HAL_Driver/Src/stm32h7xx_hal_pcd_ex.c **** 
  50:Drivers/STM32H7xx_HAL_Driver/Src/stm32h7xx_hal_pcd_ex.c **** /** @defgroup PCDEx_Exported_Functions_Group1 Peripheral Control functions
  51:Drivers/STM32H7xx_HAL_Driver/Src/stm32h7xx_hal_pcd_ex.c ****   * @brief    PCDEx control functions
  52:Drivers/STM32H7xx_HAL_Driver/Src/stm32h7xx_hal_pcd_ex.c ****  *
  53:Drivers/STM32H7xx_HAL_Driver/Src/stm32h7xx_hal_pcd_ex.c **** @verbatim
  54:Drivers/STM32H7xx_HAL_Driver/Src/stm32h7xx_hal_pcd_ex.c ****  ===============================================================================
  55:Drivers/STM32H7xx_HAL_Driver/Src/stm32h7xx_hal_pcd_ex.c ****                  ##### Extended features functions #####
  56:Drivers/STM32H7xx_HAL_Driver/Src/stm32h7xx_hal_pcd_ex.c ****  ===============================================================================
  57:Drivers/STM32H7xx_HAL_Driver/Src/stm32h7xx_hal_pcd_ex.c ****     [..]  This section provides functions allowing to:
  58:Drivers/STM32H7xx_HAL_Driver/Src/stm32h7xx_hal_pcd_ex.c ****       (+) Update FIFO configuration
  59:Drivers/STM32H7xx_HAL_Driver/Src/stm32h7xx_hal_pcd_ex.c **** 
  60:Drivers/STM32H7xx_HAL_Driver/Src/stm32h7xx_hal_pcd_ex.c **** @endverbatim
  61:Drivers/STM32H7xx_HAL_Driver/Src/stm32h7xx_hal_pcd_ex.c ****   * @{
  62:Drivers/STM32H7xx_HAL_Driver/Src/stm32h7xx_hal_pcd_ex.c ****   */
  63:Drivers/STM32H7xx_HAL_Driver/Src/stm32h7xx_hal_pcd_ex.c **** #if defined (USB_OTG_FS) || defined (USB_OTG_HS)
  64:Drivers/STM32H7xx_HAL_Driver/Src/stm32h7xx_hal_pcd_ex.c **** /**
  65:Drivers/STM32H7xx_HAL_Driver/Src/stm32h7xx_hal_pcd_ex.c ****   * @brief  Set Tx FIFO
  66:Drivers/STM32H7xx_HAL_Driver/Src/stm32h7xx_hal_pcd_ex.c ****   * @param  hpcd PCD handle
  67:Drivers/STM32H7xx_HAL_Driver/Src/stm32h7xx_hal_pcd_ex.c ****   * @param  fifo The number of Tx fifo
  68:Drivers/STM32H7xx_HAL_Driver/Src/stm32h7xx_hal_pcd_ex.c ****   * @param  size Fifo size
  69:Drivers/STM32H7xx_HAL_Driver/Src/stm32h7xx_hal_pcd_ex.c ****   * @retval HAL status
  70:Drivers/STM32H7xx_HAL_Driver/Src/stm32h7xx_hal_pcd_ex.c ****   */
  71:Drivers/STM32H7xx_HAL_Driver/Src/stm32h7xx_hal_pcd_ex.c **** HAL_StatusTypeDef HAL_PCDEx_SetTxFiFo(PCD_HandleTypeDef *hpcd, uint8_t fifo, uint16_t size)
  72:Drivers/STM32H7xx_HAL_Driver/Src/stm32h7xx_hal_pcd_ex.c **** {
  29              		.loc 1 72 1 view -0
  30              		.cfi_startproc
  31              		@ args = 0, pretend = 0, frame = 0
  32              		@ frame_needed = 0, uses_anonymous_args = 0
  33              		@ link register save eliminated.
  34              		.loc 1 72 1 is_stmt 0 view .LVU1
  35 0000 30B4     		push	{r4, r5}
  36              	.LCFI0:
  37              		.cfi_def_cfa_offset 8
  38              		.cfi_offset 4, -8
  39              		.cfi_offset 5, -4
  73:Drivers/STM32H7xx_HAL_Driver/Src/stm32h7xx_hal_pcd_ex.c ****   uint8_t i;
  40              		.loc 1 73 3 is_stmt 1 view .LVU2
  74:Drivers/STM32H7xx_HAL_Driver/Src/stm32h7xx_hal_pcd_ex.c ****   uint32_t Tx_Offset;
  41              		.loc 1 74 3 view .LVU3
ARM GAS  C:\Users\chesn\AppData\Local\Temp\ccboJ9WQ.s 			page 3


  75:Drivers/STM32H7xx_HAL_Driver/Src/stm32h7xx_hal_pcd_ex.c **** 
  76:Drivers/STM32H7xx_HAL_Driver/Src/stm32h7xx_hal_pcd_ex.c ****   /*  TXn min size = 16 words. (n  : Transmit FIFO index)
  77:Drivers/STM32H7xx_HAL_Driver/Src/stm32h7xx_hal_pcd_ex.c ****       When a TxFIFO is not used, the Configuration should be as follows:
  78:Drivers/STM32H7xx_HAL_Driver/Src/stm32h7xx_hal_pcd_ex.c ****           case 1 :  n > m    and Txn is not used    (n,m  : Transmit FIFO indexes)
  79:Drivers/STM32H7xx_HAL_Driver/Src/stm32h7xx_hal_pcd_ex.c ****          --> Txm can use the space allocated for Txn.
  80:Drivers/STM32H7xx_HAL_Driver/Src/stm32h7xx_hal_pcd_ex.c ****          case2  :  n < m    and Txn is not used    (n,m  : Transmit FIFO indexes)
  81:Drivers/STM32H7xx_HAL_Driver/Src/stm32h7xx_hal_pcd_ex.c ****          --> Txn should be configured with the minimum space of 16 words
  82:Drivers/STM32H7xx_HAL_Driver/Src/stm32h7xx_hal_pcd_ex.c ****      The FIFO is used optimally when used TxFIFOs are allocated in the top
  83:Drivers/STM32H7xx_HAL_Driver/Src/stm32h7xx_hal_pcd_ex.c ****          of the FIFO.Ex: use EP1 and EP2 as IN instead of EP1 and EP3 as IN ones.
  84:Drivers/STM32H7xx_HAL_Driver/Src/stm32h7xx_hal_pcd_ex.c ****      When DMA is used 3n * FIFO locations should be reserved for internal DMA registers */
  85:Drivers/STM32H7xx_HAL_Driver/Src/stm32h7xx_hal_pcd_ex.c **** 
  86:Drivers/STM32H7xx_HAL_Driver/Src/stm32h7xx_hal_pcd_ex.c ****   Tx_Offset = hpcd->Instance->GRXFSIZ;
  42              		.loc 1 86 3 view .LVU4
  43              		.loc 1 86 19 is_stmt 0 view .LVU5
  44 0002 0468     		ldr	r4, [r0]
  45              		.loc 1 86 13 view .LVU6
  46 0004 606A     		ldr	r0, [r4, #36]
  47              	.LVL1:
  87:Drivers/STM32H7xx_HAL_Driver/Src/stm32h7xx_hal_pcd_ex.c **** 
  88:Drivers/STM32H7xx_HAL_Driver/Src/stm32h7xx_hal_pcd_ex.c ****   if (fifo == 0U)
  48              		.loc 1 88 3 is_stmt 1 view .LVU7
  49              		.loc 1 88 6 is_stmt 0 view .LVU8
  50 0006 19B9     		cbnz	r1, .L2
  89:Drivers/STM32H7xx_HAL_Driver/Src/stm32h7xx_hal_pcd_ex.c ****   {
  90:Drivers/STM32H7xx_HAL_Driver/Src/stm32h7xx_hal_pcd_ex.c ****     hpcd->Instance->DIEPTXF0_HNPTXFSIZ = ((uint32_t)size << 16) | Tx_Offset;
  51              		.loc 1 90 5 is_stmt 1 view .LVU9
  52              		.loc 1 90 65 is_stmt 0 view .LVU10
  53 0008 40EA0240 		orr	r0, r0, r2, lsl #16
  54              	.LVL2:
  55              		.loc 1 90 40 view .LVU11
  56 000c A062     		str	r0, [r4, #40]
  57 000e 18E0     		b	.L3
  58              	.LVL3:
  59              	.L2:
  60              		.loc 1 90 40 view .LVU12
  61 0010 0D46     		mov	r5, r1
  91:Drivers/STM32H7xx_HAL_Driver/Src/stm32h7xx_hal_pcd_ex.c ****   }
  92:Drivers/STM32H7xx_HAL_Driver/Src/stm32h7xx_hal_pcd_ex.c ****   else
  93:Drivers/STM32H7xx_HAL_Driver/Src/stm32h7xx_hal_pcd_ex.c ****   {
  94:Drivers/STM32H7xx_HAL_Driver/Src/stm32h7xx_hal_pcd_ex.c ****     Tx_Offset += (hpcd->Instance->DIEPTXF0_HNPTXFSIZ) >> 16;
  62              		.loc 1 94 5 is_stmt 1 view .LVU13
  63              		.loc 1 94 33 is_stmt 0 view .LVU14
  64 0012 A36A     		ldr	r3, [r4, #40]
  65              		.loc 1 94 15 view .LVU15
  66 0014 00EB1340 		add	r0, r0, r3, lsr #16
  67              	.LVL4:
  95:Drivers/STM32H7xx_HAL_Driver/Src/stm32h7xx_hal_pcd_ex.c ****     for (i = 0U; i < (fifo - 1U); i++)
  68              		.loc 1 95 5 is_stmt 1 view .LVU16
  69              		.loc 1 95 12 is_stmt 0 view .LVU17
  70 0018 0023     		movs	r3, #0
  71              	.LVL5:
  72              	.L4:
  73              		.loc 1 95 18 is_stmt 1 discriminator 1 view .LVU18
  74              		.loc 1 95 28 is_stmt 0 discriminator 1 view .LVU19
  75 001a 691E     		subs	r1, r5, #1
  76              		.loc 1 95 5 discriminator 1 view .LVU20
  77 001c 8B42     		cmp	r3, r1
ARM GAS  C:\Users\chesn\AppData\Local\Temp\ccboJ9WQ.s 			page 4


  78 001e 09D2     		bcs	.L7
  96:Drivers/STM32H7xx_HAL_Driver/Src/stm32h7xx_hal_pcd_ex.c ****     {
  97:Drivers/STM32H7xx_HAL_Driver/Src/stm32h7xx_hal_pcd_ex.c ****       Tx_Offset += (hpcd->Instance->DIEPTXF[i] >> 16);
  79              		.loc 1 97 7 is_stmt 1 discriminator 3 view .LVU21
  80              		.loc 1 97 44 is_stmt 0 discriminator 3 view .LVU22
  81 0020 03F14001 		add	r1, r3, #64
  82 0024 04EB8101 		add	r1, r4, r1, lsl #2
  83 0028 4968     		ldr	r1, [r1, #4]
  84              		.loc 1 97 17 discriminator 3 view .LVU23
  85 002a 00EB1140 		add	r0, r0, r1, lsr #16
  86              	.LVL6:
  95:Drivers/STM32H7xx_HAL_Driver/Src/stm32h7xx_hal_pcd_ex.c ****     for (i = 0U; i < (fifo - 1U); i++)
  87              		.loc 1 95 35 is_stmt 1 discriminator 3 view .LVU24
  95:Drivers/STM32H7xx_HAL_Driver/Src/stm32h7xx_hal_pcd_ex.c ****     for (i = 0U; i < (fifo - 1U); i++)
  88              		.loc 1 95 36 is_stmt 0 discriminator 3 view .LVU25
  89 002e 0133     		adds	r3, r3, #1
  90              	.LVL7:
  95:Drivers/STM32H7xx_HAL_Driver/Src/stm32h7xx_hal_pcd_ex.c ****     for (i = 0U; i < (fifo - 1U); i++)
  91              		.loc 1 95 36 discriminator 3 view .LVU26
  92 0030 DBB2     		uxtb	r3, r3
  93              	.LVL8:
  95:Drivers/STM32H7xx_HAL_Driver/Src/stm32h7xx_hal_pcd_ex.c ****     for (i = 0U; i < (fifo - 1U); i++)
  94              		.loc 1 95 36 discriminator 3 view .LVU27
  95 0032 F2E7     		b	.L4
  96              	.L7:
  98:Drivers/STM32H7xx_HAL_Driver/Src/stm32h7xx_hal_pcd_ex.c ****     }
  99:Drivers/STM32H7xx_HAL_Driver/Src/stm32h7xx_hal_pcd_ex.c **** 
 100:Drivers/STM32H7xx_HAL_Driver/Src/stm32h7xx_hal_pcd_ex.c ****     /* Multiply Tx_Size by 2 to get higher performance */
 101:Drivers/STM32H7xx_HAL_Driver/Src/stm32h7xx_hal_pcd_ex.c ****     hpcd->Instance->DIEPTXF[fifo - 1U] = ((uint32_t)size << 16) | Tx_Offset;
  97              		.loc 1 101 5 is_stmt 1 view .LVU28
  98              		.loc 1 101 65 is_stmt 0 view .LVU29
  99 0034 40EA0240 		orr	r0, r0, r2, lsl #16
 100              	.LVL9:
 101              		.loc 1 101 40 view .LVU30
 102 0038 05F13F01 		add	r1, r5, #63
 103 003c 04EB8101 		add	r1, r4, r1, lsl #2
 104 0040 4860     		str	r0, [r1, #4]
 105              	.LVL10:
 106              	.L3:
 102:Drivers/STM32H7xx_HAL_Driver/Src/stm32h7xx_hal_pcd_ex.c ****   }
 103:Drivers/STM32H7xx_HAL_Driver/Src/stm32h7xx_hal_pcd_ex.c **** 
 104:Drivers/STM32H7xx_HAL_Driver/Src/stm32h7xx_hal_pcd_ex.c ****   return HAL_OK;
 107              		.loc 1 104 3 is_stmt 1 view .LVU31
 105:Drivers/STM32H7xx_HAL_Driver/Src/stm32h7xx_hal_pcd_ex.c **** }
 108              		.loc 1 105 1 is_stmt 0 view .LVU32
 109 0042 0020     		movs	r0, #0
 110 0044 30BC     		pop	{r4, r5}
 111              	.LCFI1:
 112              		.cfi_restore 5
 113              		.cfi_restore 4
 114              		.cfi_def_cfa_offset 0
 115 0046 7047     		bx	lr
 116              		.cfi_endproc
 117              	.LFE141:
 119              		.section	.text.HAL_PCDEx_SetRxFiFo,"ax",%progbits
 120              		.align	1
 121              		.global	HAL_PCDEx_SetRxFiFo
ARM GAS  C:\Users\chesn\AppData\Local\Temp\ccboJ9WQ.s 			page 5


 122              		.syntax unified
 123              		.thumb
 124              		.thumb_func
 125              		.fpu fpv5-d16
 127              	HAL_PCDEx_SetRxFiFo:
 128              	.LVL11:
 129              	.LFB142:
 106:Drivers/STM32H7xx_HAL_Driver/Src/stm32h7xx_hal_pcd_ex.c **** 
 107:Drivers/STM32H7xx_HAL_Driver/Src/stm32h7xx_hal_pcd_ex.c **** /**
 108:Drivers/STM32H7xx_HAL_Driver/Src/stm32h7xx_hal_pcd_ex.c ****   * @brief  Set Rx FIFO
 109:Drivers/STM32H7xx_HAL_Driver/Src/stm32h7xx_hal_pcd_ex.c ****   * @param  hpcd PCD handle
 110:Drivers/STM32H7xx_HAL_Driver/Src/stm32h7xx_hal_pcd_ex.c ****   * @param  size Size of Rx fifo
 111:Drivers/STM32H7xx_HAL_Driver/Src/stm32h7xx_hal_pcd_ex.c ****   * @retval HAL status
 112:Drivers/STM32H7xx_HAL_Driver/Src/stm32h7xx_hal_pcd_ex.c ****   */
 113:Drivers/STM32H7xx_HAL_Driver/Src/stm32h7xx_hal_pcd_ex.c **** HAL_StatusTypeDef HAL_PCDEx_SetRxFiFo(PCD_HandleTypeDef *hpcd, uint16_t size)
 114:Drivers/STM32H7xx_HAL_Driver/Src/stm32h7xx_hal_pcd_ex.c **** {
 130              		.loc 1 114 1 is_stmt 1 view -0
 131              		.cfi_startproc
 132              		@ args = 0, pretend = 0, frame = 0
 133              		@ frame_needed = 0, uses_anonymous_args = 0
 134              		@ link register save eliminated.
 115:Drivers/STM32H7xx_HAL_Driver/Src/stm32h7xx_hal_pcd_ex.c ****   hpcd->Instance->GRXFSIZ = size;
 135              		.loc 1 115 3 view .LVU34
 136              		.loc 1 115 7 is_stmt 0 view .LVU35
 137 0000 0368     		ldr	r3, [r0]
 138              		.loc 1 115 27 view .LVU36
 139 0002 5962     		str	r1, [r3, #36]
 116:Drivers/STM32H7xx_HAL_Driver/Src/stm32h7xx_hal_pcd_ex.c **** 
 117:Drivers/STM32H7xx_HAL_Driver/Src/stm32h7xx_hal_pcd_ex.c ****   return HAL_OK;
 140              		.loc 1 117 3 is_stmt 1 view .LVU37
 118:Drivers/STM32H7xx_HAL_Driver/Src/stm32h7xx_hal_pcd_ex.c **** }
 141              		.loc 1 118 1 is_stmt 0 view .LVU38
 142 0004 0020     		movs	r0, #0
 143              	.LVL12:
 144              		.loc 1 118 1 view .LVU39
 145 0006 7047     		bx	lr
 146              		.cfi_endproc
 147              	.LFE142:
 149              		.section	.text.HAL_PCDEx_ActivateLPM,"ax",%progbits
 150              		.align	1
 151              		.global	HAL_PCDEx_ActivateLPM
 152              		.syntax unified
 153              		.thumb
 154              		.thumb_func
 155              		.fpu fpv5-d16
 157              	HAL_PCDEx_ActivateLPM:
 158              	.LVL13:
 159              	.LFB143:
 119:Drivers/STM32H7xx_HAL_Driver/Src/stm32h7xx_hal_pcd_ex.c **** 
 120:Drivers/STM32H7xx_HAL_Driver/Src/stm32h7xx_hal_pcd_ex.c **** /**
 121:Drivers/STM32H7xx_HAL_Driver/Src/stm32h7xx_hal_pcd_ex.c ****   * @brief  Activate LPM feature.
 122:Drivers/STM32H7xx_HAL_Driver/Src/stm32h7xx_hal_pcd_ex.c ****   * @param  hpcd PCD handle
 123:Drivers/STM32H7xx_HAL_Driver/Src/stm32h7xx_hal_pcd_ex.c ****   * @retval HAL status
 124:Drivers/STM32H7xx_HAL_Driver/Src/stm32h7xx_hal_pcd_ex.c ****   */
 125:Drivers/STM32H7xx_HAL_Driver/Src/stm32h7xx_hal_pcd_ex.c **** HAL_StatusTypeDef HAL_PCDEx_ActivateLPM(PCD_HandleTypeDef *hpcd)
 126:Drivers/STM32H7xx_HAL_Driver/Src/stm32h7xx_hal_pcd_ex.c **** {
 160              		.loc 1 126 1 is_stmt 1 view -0
ARM GAS  C:\Users\chesn\AppData\Local\Temp\ccboJ9WQ.s 			page 6


 161              		.cfi_startproc
 162              		@ args = 0, pretend = 0, frame = 0
 163              		@ frame_needed = 0, uses_anonymous_args = 0
 164              		@ link register save eliminated.
 165              		.loc 1 126 1 is_stmt 0 view .LVU41
 166 0000 0346     		mov	r3, r0
 127:Drivers/STM32H7xx_HAL_Driver/Src/stm32h7xx_hal_pcd_ex.c ****   USB_OTG_GlobalTypeDef *USBx = hpcd->Instance;
 167              		.loc 1 127 3 is_stmt 1 view .LVU42
 168              		.loc 1 127 26 is_stmt 0 view .LVU43
 169 0002 0268     		ldr	r2, [r0]
 170              	.LVL14:
 128:Drivers/STM32H7xx_HAL_Driver/Src/stm32h7xx_hal_pcd_ex.c **** 
 129:Drivers/STM32H7xx_HAL_Driver/Src/stm32h7xx_hal_pcd_ex.c ****   hpcd->lpm_active = 1U;
 171              		.loc 1 129 3 is_stmt 1 view .LVU44
 172              		.loc 1 129 20 is_stmt 0 view .LVU45
 173 0004 0121     		movs	r1, #1
 174 0006 C0F8FC13 		str	r1, [r0, #1020]
 130:Drivers/STM32H7xx_HAL_Driver/Src/stm32h7xx_hal_pcd_ex.c ****   hpcd->LPM_State = LPM_L0;
 175              		.loc 1 130 3 is_stmt 1 view .LVU46
 176              		.loc 1 130 19 is_stmt 0 view .LVU47
 177 000a 0020     		movs	r0, #0
 178              	.LVL15:
 179              		.loc 1 130 19 view .LVU48
 180 000c 83F8F403 		strb	r0, [r3, #1012]
 131:Drivers/STM32H7xx_HAL_Driver/Src/stm32h7xx_hal_pcd_ex.c ****   USBx->GINTMSK |= USB_OTG_GINTMSK_LPMINTM;
 181              		.loc 1 131 3 is_stmt 1 view .LVU49
 182              		.loc 1 131 17 is_stmt 0 view .LVU50
 183 0010 9369     		ldr	r3, [r2, #24]
 184              	.LVL16:
 185              		.loc 1 131 17 view .LVU51
 186 0012 43F00063 		orr	r3, r3, #134217728
 187 0016 9361     		str	r3, [r2, #24]
 132:Drivers/STM32H7xx_HAL_Driver/Src/stm32h7xx_hal_pcd_ex.c ****   USBx->GLPMCFG |= (USB_OTG_GLPMCFG_LPMEN | USB_OTG_GLPMCFG_LPMACK | USB_OTG_GLPMCFG_ENBESL);
 188              		.loc 1 132 3 is_stmt 1 view .LVU52
 189              		.loc 1 132 17 is_stmt 0 view .LVU53
 190 0018 516D     		ldr	r1, [r2, #84]
 191 001a 024B     		ldr	r3, .L10
 192 001c 0B43     		orrs	r3, r3, r1
 193 001e 5365     		str	r3, [r2, #84]
 133:Drivers/STM32H7xx_HAL_Driver/Src/stm32h7xx_hal_pcd_ex.c **** 
 134:Drivers/STM32H7xx_HAL_Driver/Src/stm32h7xx_hal_pcd_ex.c ****   return HAL_OK;
 194              		.loc 1 134 3 is_stmt 1 view .LVU54
 135:Drivers/STM32H7xx_HAL_Driver/Src/stm32h7xx_hal_pcd_ex.c **** }
 195              		.loc 1 135 1 is_stmt 0 view .LVU55
 196 0020 7047     		bx	lr
 197              	.L11:
 198 0022 00BF     		.align	2
 199              	.L10:
 200 0024 03000010 		.word	268435459
 201              		.cfi_endproc
 202              	.LFE143:
 204              		.section	.text.HAL_PCDEx_DeActivateLPM,"ax",%progbits
 205              		.align	1
 206              		.global	HAL_PCDEx_DeActivateLPM
 207              		.syntax unified
 208              		.thumb
 209              		.thumb_func
ARM GAS  C:\Users\chesn\AppData\Local\Temp\ccboJ9WQ.s 			page 7


 210              		.fpu fpv5-d16
 212              	HAL_PCDEx_DeActivateLPM:
 213              	.LVL17:
 214              	.LFB144:
 136:Drivers/STM32H7xx_HAL_Driver/Src/stm32h7xx_hal_pcd_ex.c **** 
 137:Drivers/STM32H7xx_HAL_Driver/Src/stm32h7xx_hal_pcd_ex.c **** /**
 138:Drivers/STM32H7xx_HAL_Driver/Src/stm32h7xx_hal_pcd_ex.c ****   * @brief  Deactivate LPM feature.
 139:Drivers/STM32H7xx_HAL_Driver/Src/stm32h7xx_hal_pcd_ex.c ****   * @param  hpcd PCD handle
 140:Drivers/STM32H7xx_HAL_Driver/Src/stm32h7xx_hal_pcd_ex.c ****   * @retval HAL status
 141:Drivers/STM32H7xx_HAL_Driver/Src/stm32h7xx_hal_pcd_ex.c ****   */
 142:Drivers/STM32H7xx_HAL_Driver/Src/stm32h7xx_hal_pcd_ex.c **** HAL_StatusTypeDef HAL_PCDEx_DeActivateLPM(PCD_HandleTypeDef *hpcd)
 143:Drivers/STM32H7xx_HAL_Driver/Src/stm32h7xx_hal_pcd_ex.c **** {
 215              		.loc 1 143 1 is_stmt 1 view -0
 216              		.cfi_startproc
 217              		@ args = 0, pretend = 0, frame = 0
 218              		@ frame_needed = 0, uses_anonymous_args = 0
 219              		@ link register save eliminated.
 220              		.loc 1 143 1 is_stmt 0 view .LVU57
 221 0000 0246     		mov	r2, r0
 144:Drivers/STM32H7xx_HAL_Driver/Src/stm32h7xx_hal_pcd_ex.c ****   USB_OTG_GlobalTypeDef *USBx = hpcd->Instance;
 222              		.loc 1 144 3 is_stmt 1 view .LVU58
 223              		.loc 1 144 26 is_stmt 0 view .LVU59
 224 0002 0368     		ldr	r3, [r0]
 225              	.LVL18:
 145:Drivers/STM32H7xx_HAL_Driver/Src/stm32h7xx_hal_pcd_ex.c **** 
 146:Drivers/STM32H7xx_HAL_Driver/Src/stm32h7xx_hal_pcd_ex.c ****   hpcd->lpm_active = 0U;
 226              		.loc 1 146 3 is_stmt 1 view .LVU60
 227              		.loc 1 146 20 is_stmt 0 view .LVU61
 228 0004 0020     		movs	r0, #0
 229              	.LVL19:
 230              		.loc 1 146 20 view .LVU62
 231 0006 C2F8FC03 		str	r0, [r2, #1020]
 147:Drivers/STM32H7xx_HAL_Driver/Src/stm32h7xx_hal_pcd_ex.c ****   USBx->GINTMSK &= ~USB_OTG_GINTMSK_LPMINTM;
 232              		.loc 1 147 3 is_stmt 1 view .LVU63
 233              		.loc 1 147 17 is_stmt 0 view .LVU64
 234 000a 9A69     		ldr	r2, [r3, #24]
 235              	.LVL20:
 236              		.loc 1 147 17 view .LVU65
 237 000c 22F00062 		bic	r2, r2, #134217728
 238 0010 9A61     		str	r2, [r3, #24]
 148:Drivers/STM32H7xx_HAL_Driver/Src/stm32h7xx_hal_pcd_ex.c ****   USBx->GLPMCFG &= ~(USB_OTG_GLPMCFG_LPMEN | USB_OTG_GLPMCFG_LPMACK | USB_OTG_GLPMCFG_ENBESL);
 239              		.loc 1 148 3 is_stmt 1 view .LVU66
 240              		.loc 1 148 17 is_stmt 0 view .LVU67
 241 0012 596D     		ldr	r1, [r3, #84]
 242 0014 014A     		ldr	r2, .L13
 243 0016 0A40     		ands	r2, r2, r1
 244 0018 5A65     		str	r2, [r3, #84]
 149:Drivers/STM32H7xx_HAL_Driver/Src/stm32h7xx_hal_pcd_ex.c **** 
 150:Drivers/STM32H7xx_HAL_Driver/Src/stm32h7xx_hal_pcd_ex.c ****   return HAL_OK;
 245              		.loc 1 150 3 is_stmt 1 view .LVU68
 151:Drivers/STM32H7xx_HAL_Driver/Src/stm32h7xx_hal_pcd_ex.c **** }
 246              		.loc 1 151 1 is_stmt 0 view .LVU69
 247 001a 7047     		bx	lr
 248              	.L14:
 249              		.align	2
 250              	.L13:
 251 001c FCFFFFEF 		.word	-268435460
ARM GAS  C:\Users\chesn\AppData\Local\Temp\ccboJ9WQ.s 			page 8


 252              		.cfi_endproc
 253              	.LFE144:
 255              		.section	.text.HAL_PCDEx_ActivateBCD,"ax",%progbits
 256              		.align	1
 257              		.global	HAL_PCDEx_ActivateBCD
 258              		.syntax unified
 259              		.thumb
 260              		.thumb_func
 261              		.fpu fpv5-d16
 263              	HAL_PCDEx_ActivateBCD:
 264              	.LVL21:
 265              	.LFB146:
 152:Drivers/STM32H7xx_HAL_Driver/Src/stm32h7xx_hal_pcd_ex.c **** 
 153:Drivers/STM32H7xx_HAL_Driver/Src/stm32h7xx_hal_pcd_ex.c **** 
 154:Drivers/STM32H7xx_HAL_Driver/Src/stm32h7xx_hal_pcd_ex.c **** /**
 155:Drivers/STM32H7xx_HAL_Driver/Src/stm32h7xx_hal_pcd_ex.c ****   * @brief  Handle BatteryCharging Process.
 156:Drivers/STM32H7xx_HAL_Driver/Src/stm32h7xx_hal_pcd_ex.c ****   * @param  hpcd PCD handle
 157:Drivers/STM32H7xx_HAL_Driver/Src/stm32h7xx_hal_pcd_ex.c ****   * @retval HAL status
 158:Drivers/STM32H7xx_HAL_Driver/Src/stm32h7xx_hal_pcd_ex.c ****   */
 159:Drivers/STM32H7xx_HAL_Driver/Src/stm32h7xx_hal_pcd_ex.c **** void HAL_PCDEx_BCD_VBUSDetect(PCD_HandleTypeDef *hpcd)
 160:Drivers/STM32H7xx_HAL_Driver/Src/stm32h7xx_hal_pcd_ex.c **** {
 161:Drivers/STM32H7xx_HAL_Driver/Src/stm32h7xx_hal_pcd_ex.c ****   USB_OTG_GlobalTypeDef *USBx = hpcd->Instance;
 162:Drivers/STM32H7xx_HAL_Driver/Src/stm32h7xx_hal_pcd_ex.c ****   uint32_t tickstart = HAL_GetTick();
 163:Drivers/STM32H7xx_HAL_Driver/Src/stm32h7xx_hal_pcd_ex.c **** 
 164:Drivers/STM32H7xx_HAL_Driver/Src/stm32h7xx_hal_pcd_ex.c ****   /* Enable DCD : Data Contact Detect */
 165:Drivers/STM32H7xx_HAL_Driver/Src/stm32h7xx_hal_pcd_ex.c ****   USBx->GCCFG |= USB_OTG_GCCFG_DCDEN;
 166:Drivers/STM32H7xx_HAL_Driver/Src/stm32h7xx_hal_pcd_ex.c **** 
 167:Drivers/STM32H7xx_HAL_Driver/Src/stm32h7xx_hal_pcd_ex.c ****   /* Wait Detect flag or a timeout is happen*/
 168:Drivers/STM32H7xx_HAL_Driver/Src/stm32h7xx_hal_pcd_ex.c ****   while ((USBx->GCCFG & USB_OTG_GCCFG_DCDET) == 0U)
 169:Drivers/STM32H7xx_HAL_Driver/Src/stm32h7xx_hal_pcd_ex.c ****   {
 170:Drivers/STM32H7xx_HAL_Driver/Src/stm32h7xx_hal_pcd_ex.c ****     /* Check for the Timeout */
 171:Drivers/STM32H7xx_HAL_Driver/Src/stm32h7xx_hal_pcd_ex.c ****     if ((HAL_GetTick() - tickstart) > 1000U)
 172:Drivers/STM32H7xx_HAL_Driver/Src/stm32h7xx_hal_pcd_ex.c ****     {
 173:Drivers/STM32H7xx_HAL_Driver/Src/stm32h7xx_hal_pcd_ex.c **** #if (USE_HAL_PCD_REGISTER_CALLBACKS == 1U)
 174:Drivers/STM32H7xx_HAL_Driver/Src/stm32h7xx_hal_pcd_ex.c ****       hpcd->BCDCallback(hpcd, PCD_BCD_ERROR);
 175:Drivers/STM32H7xx_HAL_Driver/Src/stm32h7xx_hal_pcd_ex.c **** #else
 176:Drivers/STM32H7xx_HAL_Driver/Src/stm32h7xx_hal_pcd_ex.c ****       HAL_PCDEx_BCD_Callback(hpcd, PCD_BCD_ERROR);
 177:Drivers/STM32H7xx_HAL_Driver/Src/stm32h7xx_hal_pcd_ex.c **** #endif /* USE_HAL_PCD_REGISTER_CALLBACKS */
 178:Drivers/STM32H7xx_HAL_Driver/Src/stm32h7xx_hal_pcd_ex.c **** 
 179:Drivers/STM32H7xx_HAL_Driver/Src/stm32h7xx_hal_pcd_ex.c ****       return;
 180:Drivers/STM32H7xx_HAL_Driver/Src/stm32h7xx_hal_pcd_ex.c ****     }
 181:Drivers/STM32H7xx_HAL_Driver/Src/stm32h7xx_hal_pcd_ex.c ****   }
 182:Drivers/STM32H7xx_HAL_Driver/Src/stm32h7xx_hal_pcd_ex.c **** 
 183:Drivers/STM32H7xx_HAL_Driver/Src/stm32h7xx_hal_pcd_ex.c ****   /* Right response got */
 184:Drivers/STM32H7xx_HAL_Driver/Src/stm32h7xx_hal_pcd_ex.c ****   HAL_Delay(200U);
 185:Drivers/STM32H7xx_HAL_Driver/Src/stm32h7xx_hal_pcd_ex.c **** 
 186:Drivers/STM32H7xx_HAL_Driver/Src/stm32h7xx_hal_pcd_ex.c ****   /* Check Detect flag*/
 187:Drivers/STM32H7xx_HAL_Driver/Src/stm32h7xx_hal_pcd_ex.c ****   if ((USBx->GCCFG & USB_OTG_GCCFG_DCDET) == USB_OTG_GCCFG_DCDET)
 188:Drivers/STM32H7xx_HAL_Driver/Src/stm32h7xx_hal_pcd_ex.c ****   {
 189:Drivers/STM32H7xx_HAL_Driver/Src/stm32h7xx_hal_pcd_ex.c **** #if (USE_HAL_PCD_REGISTER_CALLBACKS == 1U)
 190:Drivers/STM32H7xx_HAL_Driver/Src/stm32h7xx_hal_pcd_ex.c ****     hpcd->BCDCallback(hpcd, PCD_BCD_CONTACT_DETECTION);
 191:Drivers/STM32H7xx_HAL_Driver/Src/stm32h7xx_hal_pcd_ex.c **** #else
 192:Drivers/STM32H7xx_HAL_Driver/Src/stm32h7xx_hal_pcd_ex.c ****     HAL_PCDEx_BCD_Callback(hpcd, PCD_BCD_CONTACT_DETECTION);
 193:Drivers/STM32H7xx_HAL_Driver/Src/stm32h7xx_hal_pcd_ex.c **** #endif /* USE_HAL_PCD_REGISTER_CALLBACKS */
 194:Drivers/STM32H7xx_HAL_Driver/Src/stm32h7xx_hal_pcd_ex.c ****   }
 195:Drivers/STM32H7xx_HAL_Driver/Src/stm32h7xx_hal_pcd_ex.c **** 
 196:Drivers/STM32H7xx_HAL_Driver/Src/stm32h7xx_hal_pcd_ex.c ****   /*Primary detection: checks if connected to Standard Downstream Port
ARM GAS  C:\Users\chesn\AppData\Local\Temp\ccboJ9WQ.s 			page 9


 197:Drivers/STM32H7xx_HAL_Driver/Src/stm32h7xx_hal_pcd_ex.c ****   (without charging capability) */
 198:Drivers/STM32H7xx_HAL_Driver/Src/stm32h7xx_hal_pcd_ex.c ****   USBx->GCCFG &= ~ USB_OTG_GCCFG_DCDEN;
 199:Drivers/STM32H7xx_HAL_Driver/Src/stm32h7xx_hal_pcd_ex.c ****   HAL_Delay(50U);
 200:Drivers/STM32H7xx_HAL_Driver/Src/stm32h7xx_hal_pcd_ex.c ****   USBx->GCCFG |=  USB_OTG_GCCFG_PDEN;
 201:Drivers/STM32H7xx_HAL_Driver/Src/stm32h7xx_hal_pcd_ex.c ****   HAL_Delay(50U);
 202:Drivers/STM32H7xx_HAL_Driver/Src/stm32h7xx_hal_pcd_ex.c **** 
 203:Drivers/STM32H7xx_HAL_Driver/Src/stm32h7xx_hal_pcd_ex.c ****   if ((USBx->GCCFG & USB_OTG_GCCFG_PDET) == 0U)
 204:Drivers/STM32H7xx_HAL_Driver/Src/stm32h7xx_hal_pcd_ex.c ****   {
 205:Drivers/STM32H7xx_HAL_Driver/Src/stm32h7xx_hal_pcd_ex.c ****     /* Case of Standard Downstream Port */
 206:Drivers/STM32H7xx_HAL_Driver/Src/stm32h7xx_hal_pcd_ex.c **** #if (USE_HAL_PCD_REGISTER_CALLBACKS == 1U)
 207:Drivers/STM32H7xx_HAL_Driver/Src/stm32h7xx_hal_pcd_ex.c ****     hpcd->BCDCallback(hpcd, PCD_BCD_STD_DOWNSTREAM_PORT);
 208:Drivers/STM32H7xx_HAL_Driver/Src/stm32h7xx_hal_pcd_ex.c **** #else
 209:Drivers/STM32H7xx_HAL_Driver/Src/stm32h7xx_hal_pcd_ex.c ****     HAL_PCDEx_BCD_Callback(hpcd, PCD_BCD_STD_DOWNSTREAM_PORT);
 210:Drivers/STM32H7xx_HAL_Driver/Src/stm32h7xx_hal_pcd_ex.c **** #endif /* USE_HAL_PCD_REGISTER_CALLBACKS */
 211:Drivers/STM32H7xx_HAL_Driver/Src/stm32h7xx_hal_pcd_ex.c ****   }
 212:Drivers/STM32H7xx_HAL_Driver/Src/stm32h7xx_hal_pcd_ex.c ****   else
 213:Drivers/STM32H7xx_HAL_Driver/Src/stm32h7xx_hal_pcd_ex.c ****   {
 214:Drivers/STM32H7xx_HAL_Driver/Src/stm32h7xx_hal_pcd_ex.c ****     /* start secondary detection to check connection to Charging Downstream
 215:Drivers/STM32H7xx_HAL_Driver/Src/stm32h7xx_hal_pcd_ex.c ****     Port or Dedicated Charging Port */
 216:Drivers/STM32H7xx_HAL_Driver/Src/stm32h7xx_hal_pcd_ex.c ****     USBx->GCCFG &= ~ USB_OTG_GCCFG_PDEN;
 217:Drivers/STM32H7xx_HAL_Driver/Src/stm32h7xx_hal_pcd_ex.c ****     HAL_Delay(50U);
 218:Drivers/STM32H7xx_HAL_Driver/Src/stm32h7xx_hal_pcd_ex.c ****     USBx->GCCFG |=  USB_OTG_GCCFG_SDEN;
 219:Drivers/STM32H7xx_HAL_Driver/Src/stm32h7xx_hal_pcd_ex.c ****     HAL_Delay(50U);
 220:Drivers/STM32H7xx_HAL_Driver/Src/stm32h7xx_hal_pcd_ex.c **** 
 221:Drivers/STM32H7xx_HAL_Driver/Src/stm32h7xx_hal_pcd_ex.c ****     if ((USBx->GCCFG & USB_OTG_GCCFG_SDET) == USB_OTG_GCCFG_SDET)
 222:Drivers/STM32H7xx_HAL_Driver/Src/stm32h7xx_hal_pcd_ex.c ****     {
 223:Drivers/STM32H7xx_HAL_Driver/Src/stm32h7xx_hal_pcd_ex.c ****       /* case Dedicated Charging Port  */
 224:Drivers/STM32H7xx_HAL_Driver/Src/stm32h7xx_hal_pcd_ex.c **** #if (USE_HAL_PCD_REGISTER_CALLBACKS == 1U)
 225:Drivers/STM32H7xx_HAL_Driver/Src/stm32h7xx_hal_pcd_ex.c ****       hpcd->BCDCallback(hpcd, PCD_BCD_DEDICATED_CHARGING_PORT);
 226:Drivers/STM32H7xx_HAL_Driver/Src/stm32h7xx_hal_pcd_ex.c **** #else
 227:Drivers/STM32H7xx_HAL_Driver/Src/stm32h7xx_hal_pcd_ex.c ****       HAL_PCDEx_BCD_Callback(hpcd, PCD_BCD_DEDICATED_CHARGING_PORT);
 228:Drivers/STM32H7xx_HAL_Driver/Src/stm32h7xx_hal_pcd_ex.c **** #endif /* USE_HAL_PCD_REGISTER_CALLBACKS */
 229:Drivers/STM32H7xx_HAL_Driver/Src/stm32h7xx_hal_pcd_ex.c ****     }
 230:Drivers/STM32H7xx_HAL_Driver/Src/stm32h7xx_hal_pcd_ex.c ****     else
 231:Drivers/STM32H7xx_HAL_Driver/Src/stm32h7xx_hal_pcd_ex.c ****     {
 232:Drivers/STM32H7xx_HAL_Driver/Src/stm32h7xx_hal_pcd_ex.c ****       /* case Charging Downstream Port  */
 233:Drivers/STM32H7xx_HAL_Driver/Src/stm32h7xx_hal_pcd_ex.c **** #if (USE_HAL_PCD_REGISTER_CALLBACKS == 1U)
 234:Drivers/STM32H7xx_HAL_Driver/Src/stm32h7xx_hal_pcd_ex.c ****       hpcd->BCDCallback(hpcd, PCD_BCD_CHARGING_DOWNSTREAM_PORT);
 235:Drivers/STM32H7xx_HAL_Driver/Src/stm32h7xx_hal_pcd_ex.c **** #else
 236:Drivers/STM32H7xx_HAL_Driver/Src/stm32h7xx_hal_pcd_ex.c ****       HAL_PCDEx_BCD_Callback(hpcd, PCD_BCD_CHARGING_DOWNSTREAM_PORT);
 237:Drivers/STM32H7xx_HAL_Driver/Src/stm32h7xx_hal_pcd_ex.c **** #endif /* USE_HAL_PCD_REGISTER_CALLBACKS */
 238:Drivers/STM32H7xx_HAL_Driver/Src/stm32h7xx_hal_pcd_ex.c ****     }
 239:Drivers/STM32H7xx_HAL_Driver/Src/stm32h7xx_hal_pcd_ex.c ****   }
 240:Drivers/STM32H7xx_HAL_Driver/Src/stm32h7xx_hal_pcd_ex.c **** 
 241:Drivers/STM32H7xx_HAL_Driver/Src/stm32h7xx_hal_pcd_ex.c ****   /* Battery Charging capability discovery finished */
 242:Drivers/STM32H7xx_HAL_Driver/Src/stm32h7xx_hal_pcd_ex.c ****   (void)HAL_PCDEx_DeActivateBCD(hpcd);
 243:Drivers/STM32H7xx_HAL_Driver/Src/stm32h7xx_hal_pcd_ex.c **** 
 244:Drivers/STM32H7xx_HAL_Driver/Src/stm32h7xx_hal_pcd_ex.c **** #if (USE_HAL_PCD_REGISTER_CALLBACKS == 1U)
 245:Drivers/STM32H7xx_HAL_Driver/Src/stm32h7xx_hal_pcd_ex.c ****   hpcd->BCDCallback(hpcd, PCD_BCD_DISCOVERY_COMPLETED);
 246:Drivers/STM32H7xx_HAL_Driver/Src/stm32h7xx_hal_pcd_ex.c **** #else
 247:Drivers/STM32H7xx_HAL_Driver/Src/stm32h7xx_hal_pcd_ex.c ****   HAL_PCDEx_BCD_Callback(hpcd, PCD_BCD_DISCOVERY_COMPLETED);
 248:Drivers/STM32H7xx_HAL_Driver/Src/stm32h7xx_hal_pcd_ex.c **** #endif /* USE_HAL_PCD_REGISTER_CALLBACKS */
 249:Drivers/STM32H7xx_HAL_Driver/Src/stm32h7xx_hal_pcd_ex.c **** }
 250:Drivers/STM32H7xx_HAL_Driver/Src/stm32h7xx_hal_pcd_ex.c **** 
 251:Drivers/STM32H7xx_HAL_Driver/Src/stm32h7xx_hal_pcd_ex.c **** /**
 252:Drivers/STM32H7xx_HAL_Driver/Src/stm32h7xx_hal_pcd_ex.c ****   * @brief  Activate BatteryCharging feature.
 253:Drivers/STM32H7xx_HAL_Driver/Src/stm32h7xx_hal_pcd_ex.c ****   * @param  hpcd PCD handle
ARM GAS  C:\Users\chesn\AppData\Local\Temp\ccboJ9WQ.s 			page 10


 254:Drivers/STM32H7xx_HAL_Driver/Src/stm32h7xx_hal_pcd_ex.c ****   * @retval HAL status
 255:Drivers/STM32H7xx_HAL_Driver/Src/stm32h7xx_hal_pcd_ex.c ****   */
 256:Drivers/STM32H7xx_HAL_Driver/Src/stm32h7xx_hal_pcd_ex.c **** HAL_StatusTypeDef HAL_PCDEx_ActivateBCD(PCD_HandleTypeDef *hpcd)
 257:Drivers/STM32H7xx_HAL_Driver/Src/stm32h7xx_hal_pcd_ex.c **** {
 266              		.loc 1 257 1 is_stmt 1 view -0
 267              		.cfi_startproc
 268              		@ args = 0, pretend = 0, frame = 0
 269              		@ frame_needed = 0, uses_anonymous_args = 0
 270              		@ link register save eliminated.
 258:Drivers/STM32H7xx_HAL_Driver/Src/stm32h7xx_hal_pcd_ex.c ****   USB_OTG_GlobalTypeDef *USBx = hpcd->Instance;
 271              		.loc 1 258 3 view .LVU71
 272              		.loc 1 258 26 is_stmt 0 view .LVU72
 273 0000 0368     		ldr	r3, [r0]
 274              	.LVL22:
 259:Drivers/STM32H7xx_HAL_Driver/Src/stm32h7xx_hal_pcd_ex.c **** 
 260:Drivers/STM32H7xx_HAL_Driver/Src/stm32h7xx_hal_pcd_ex.c ****   USBx->GCCFG &= ~(USB_OTG_GCCFG_PDEN);
 275              		.loc 1 260 3 is_stmt 1 view .LVU73
 276              		.loc 1 260 15 is_stmt 0 view .LVU74
 277 0002 9A6B     		ldr	r2, [r3, #56]
 278 0004 22F40022 		bic	r2, r2, #524288
 279 0008 9A63     		str	r2, [r3, #56]
 261:Drivers/STM32H7xx_HAL_Driver/Src/stm32h7xx_hal_pcd_ex.c ****   USBx->GCCFG &= ~(USB_OTG_GCCFG_SDEN);
 280              		.loc 1 261 3 is_stmt 1 view .LVU75
 281              		.loc 1 261 15 is_stmt 0 view .LVU76
 282 000a 9A6B     		ldr	r2, [r3, #56]
 283 000c 22F48012 		bic	r2, r2, #1048576
 284 0010 9A63     		str	r2, [r3, #56]
 262:Drivers/STM32H7xx_HAL_Driver/Src/stm32h7xx_hal_pcd_ex.c **** 
 263:Drivers/STM32H7xx_HAL_Driver/Src/stm32h7xx_hal_pcd_ex.c ****   /* Power Down USB tranceiver  */
 264:Drivers/STM32H7xx_HAL_Driver/Src/stm32h7xx_hal_pcd_ex.c ****   USBx->GCCFG &= ~(USB_OTG_GCCFG_PWRDWN);
 285              		.loc 1 264 3 is_stmt 1 view .LVU77
 286              		.loc 1 264 15 is_stmt 0 view .LVU78
 287 0012 9A6B     		ldr	r2, [r3, #56]
 288 0014 22F48032 		bic	r2, r2, #65536
 289 0018 9A63     		str	r2, [r3, #56]
 265:Drivers/STM32H7xx_HAL_Driver/Src/stm32h7xx_hal_pcd_ex.c **** 
 266:Drivers/STM32H7xx_HAL_Driver/Src/stm32h7xx_hal_pcd_ex.c ****   /* Enable Battery charging */
 267:Drivers/STM32H7xx_HAL_Driver/Src/stm32h7xx_hal_pcd_ex.c ****   USBx->GCCFG |= USB_OTG_GCCFG_BCDEN;
 290              		.loc 1 267 3 is_stmt 1 view .LVU79
 291              		.loc 1 267 15 is_stmt 0 view .LVU80
 292 001a 9A6B     		ldr	r2, [r3, #56]
 293 001c 42F40032 		orr	r2, r2, #131072
 294 0020 9A63     		str	r2, [r3, #56]
 268:Drivers/STM32H7xx_HAL_Driver/Src/stm32h7xx_hal_pcd_ex.c **** 
 269:Drivers/STM32H7xx_HAL_Driver/Src/stm32h7xx_hal_pcd_ex.c ****   hpcd->battery_charging_active = 1U;
 295              		.loc 1 269 3 is_stmt 1 view .LVU81
 296              		.loc 1 269 33 is_stmt 0 view .LVU82
 297 0022 0123     		movs	r3, #1
 298              	.LVL23:
 299              		.loc 1 269 33 view .LVU83
 300 0024 C0F80034 		str	r3, [r0, #1024]
 270:Drivers/STM32H7xx_HAL_Driver/Src/stm32h7xx_hal_pcd_ex.c **** 
 271:Drivers/STM32H7xx_HAL_Driver/Src/stm32h7xx_hal_pcd_ex.c ****   return HAL_OK;
 301              		.loc 1 271 3 is_stmt 1 view .LVU84
 272:Drivers/STM32H7xx_HAL_Driver/Src/stm32h7xx_hal_pcd_ex.c **** }
 302              		.loc 1 272 1 is_stmt 0 view .LVU85
 303 0028 0020     		movs	r0, #0
ARM GAS  C:\Users\chesn\AppData\Local\Temp\ccboJ9WQ.s 			page 11


 304              	.LVL24:
 305              		.loc 1 272 1 view .LVU86
 306 002a 7047     		bx	lr
 307              		.cfi_endproc
 308              	.LFE146:
 310              		.section	.text.HAL_PCDEx_DeActivateBCD,"ax",%progbits
 311              		.align	1
 312              		.global	HAL_PCDEx_DeActivateBCD
 313              		.syntax unified
 314              		.thumb
 315              		.thumb_func
 316              		.fpu fpv5-d16
 318              	HAL_PCDEx_DeActivateBCD:
 319              	.LVL25:
 320              	.LFB147:
 273:Drivers/STM32H7xx_HAL_Driver/Src/stm32h7xx_hal_pcd_ex.c **** 
 274:Drivers/STM32H7xx_HAL_Driver/Src/stm32h7xx_hal_pcd_ex.c **** /**
 275:Drivers/STM32H7xx_HAL_Driver/Src/stm32h7xx_hal_pcd_ex.c ****   * @brief  Deactivate BatteryCharging feature.
 276:Drivers/STM32H7xx_HAL_Driver/Src/stm32h7xx_hal_pcd_ex.c ****   * @param  hpcd PCD handle
 277:Drivers/STM32H7xx_HAL_Driver/Src/stm32h7xx_hal_pcd_ex.c ****   * @retval HAL status
 278:Drivers/STM32H7xx_HAL_Driver/Src/stm32h7xx_hal_pcd_ex.c ****   */
 279:Drivers/STM32H7xx_HAL_Driver/Src/stm32h7xx_hal_pcd_ex.c **** HAL_StatusTypeDef HAL_PCDEx_DeActivateBCD(PCD_HandleTypeDef *hpcd)
 280:Drivers/STM32H7xx_HAL_Driver/Src/stm32h7xx_hal_pcd_ex.c **** {
 321              		.loc 1 280 1 is_stmt 1 view -0
 322              		.cfi_startproc
 323              		@ args = 0, pretend = 0, frame = 0
 324              		@ frame_needed = 0, uses_anonymous_args = 0
 325              		@ link register save eliminated.
 326              		.loc 1 280 1 is_stmt 0 view .LVU88
 327 0000 0246     		mov	r2, r0
 281:Drivers/STM32H7xx_HAL_Driver/Src/stm32h7xx_hal_pcd_ex.c ****   USB_OTG_GlobalTypeDef *USBx = hpcd->Instance;
 328              		.loc 1 281 3 is_stmt 1 view .LVU89
 329              		.loc 1 281 26 is_stmt 0 view .LVU90
 330 0002 0368     		ldr	r3, [r0]
 331              	.LVL26:
 282:Drivers/STM32H7xx_HAL_Driver/Src/stm32h7xx_hal_pcd_ex.c **** 
 283:Drivers/STM32H7xx_HAL_Driver/Src/stm32h7xx_hal_pcd_ex.c ****   USBx->GCCFG &= ~(USB_OTG_GCCFG_SDEN);
 332              		.loc 1 283 3 is_stmt 1 view .LVU91
 333              		.loc 1 283 15 is_stmt 0 view .LVU92
 334 0004 996B     		ldr	r1, [r3, #56]
 335 0006 21F48011 		bic	r1, r1, #1048576
 336 000a 9963     		str	r1, [r3, #56]
 284:Drivers/STM32H7xx_HAL_Driver/Src/stm32h7xx_hal_pcd_ex.c ****   USBx->GCCFG &= ~(USB_OTG_GCCFG_PDEN);
 337              		.loc 1 284 3 is_stmt 1 view .LVU93
 338              		.loc 1 284 15 is_stmt 0 view .LVU94
 339 000c 996B     		ldr	r1, [r3, #56]
 340 000e 21F40021 		bic	r1, r1, #524288
 341 0012 9963     		str	r1, [r3, #56]
 285:Drivers/STM32H7xx_HAL_Driver/Src/stm32h7xx_hal_pcd_ex.c **** 
 286:Drivers/STM32H7xx_HAL_Driver/Src/stm32h7xx_hal_pcd_ex.c ****   /* Disable Battery charging */
 287:Drivers/STM32H7xx_HAL_Driver/Src/stm32h7xx_hal_pcd_ex.c ****   USBx->GCCFG &= ~(USB_OTG_GCCFG_BCDEN);
 342              		.loc 1 287 3 is_stmt 1 view .LVU95
 343              		.loc 1 287 15 is_stmt 0 view .LVU96
 344 0014 996B     		ldr	r1, [r3, #56]
 345 0016 21F40031 		bic	r1, r1, #131072
 346 001a 9963     		str	r1, [r3, #56]
 288:Drivers/STM32H7xx_HAL_Driver/Src/stm32h7xx_hal_pcd_ex.c **** 
ARM GAS  C:\Users\chesn\AppData\Local\Temp\ccboJ9WQ.s 			page 12


 289:Drivers/STM32H7xx_HAL_Driver/Src/stm32h7xx_hal_pcd_ex.c ****   hpcd->battery_charging_active = 0U;
 347              		.loc 1 289 3 is_stmt 1 view .LVU97
 348              		.loc 1 289 33 is_stmt 0 view .LVU98
 349 001c 0020     		movs	r0, #0
 350              	.LVL27:
 351              		.loc 1 289 33 view .LVU99
 352 001e C2F80004 		str	r0, [r2, #1024]
 290:Drivers/STM32H7xx_HAL_Driver/Src/stm32h7xx_hal_pcd_ex.c **** 
 291:Drivers/STM32H7xx_HAL_Driver/Src/stm32h7xx_hal_pcd_ex.c ****   return HAL_OK;
 353              		.loc 1 291 3 is_stmt 1 view .LVU100
 292:Drivers/STM32H7xx_HAL_Driver/Src/stm32h7xx_hal_pcd_ex.c **** }
 354              		.loc 1 292 1 is_stmt 0 view .LVU101
 355 0022 7047     		bx	lr
 356              		.cfi_endproc
 357              	.LFE147:
 359              		.section	.text.HAL_PCDEx_LPM_Callback,"ax",%progbits
 360              		.align	1
 361              		.weak	HAL_PCDEx_LPM_Callback
 362              		.syntax unified
 363              		.thumb
 364              		.thumb_func
 365              		.fpu fpv5-d16
 367              	HAL_PCDEx_LPM_Callback:
 368              	.LVL28:
 369              	.LFB148:
 293:Drivers/STM32H7xx_HAL_Driver/Src/stm32h7xx_hal_pcd_ex.c **** 
 294:Drivers/STM32H7xx_HAL_Driver/Src/stm32h7xx_hal_pcd_ex.c **** #endif /* defined (USB_OTG_FS) || defined (USB_OTG_HS) */
 295:Drivers/STM32H7xx_HAL_Driver/Src/stm32h7xx_hal_pcd_ex.c **** 
 296:Drivers/STM32H7xx_HAL_Driver/Src/stm32h7xx_hal_pcd_ex.c **** /**
 297:Drivers/STM32H7xx_HAL_Driver/Src/stm32h7xx_hal_pcd_ex.c ****   * @brief  Send LPM message to user layer callback.
 298:Drivers/STM32H7xx_HAL_Driver/Src/stm32h7xx_hal_pcd_ex.c ****   * @param  hpcd PCD handle
 299:Drivers/STM32H7xx_HAL_Driver/Src/stm32h7xx_hal_pcd_ex.c ****   * @param  msg LPM message
 300:Drivers/STM32H7xx_HAL_Driver/Src/stm32h7xx_hal_pcd_ex.c ****   * @retval HAL status
 301:Drivers/STM32H7xx_HAL_Driver/Src/stm32h7xx_hal_pcd_ex.c ****   */
 302:Drivers/STM32H7xx_HAL_Driver/Src/stm32h7xx_hal_pcd_ex.c **** __weak void HAL_PCDEx_LPM_Callback(PCD_HandleTypeDef *hpcd, PCD_LPM_MsgTypeDef msg)
 303:Drivers/STM32H7xx_HAL_Driver/Src/stm32h7xx_hal_pcd_ex.c **** {
 370              		.loc 1 303 1 is_stmt 1 view -0
 371              		.cfi_startproc
 372              		@ args = 0, pretend = 0, frame = 0
 373              		@ frame_needed = 0, uses_anonymous_args = 0
 374              		@ link register save eliminated.
 304:Drivers/STM32H7xx_HAL_Driver/Src/stm32h7xx_hal_pcd_ex.c ****   /* Prevent unused argument(s) compilation warning */
 305:Drivers/STM32H7xx_HAL_Driver/Src/stm32h7xx_hal_pcd_ex.c ****   UNUSED(hpcd);
 375              		.loc 1 305 3 view .LVU103
 306:Drivers/STM32H7xx_HAL_Driver/Src/stm32h7xx_hal_pcd_ex.c ****   UNUSED(msg);
 376              		.loc 1 306 3 view .LVU104
 307:Drivers/STM32H7xx_HAL_Driver/Src/stm32h7xx_hal_pcd_ex.c **** 
 308:Drivers/STM32H7xx_HAL_Driver/Src/stm32h7xx_hal_pcd_ex.c ****   /* NOTE : This function should not be modified, when the callback is needed,
 309:Drivers/STM32H7xx_HAL_Driver/Src/stm32h7xx_hal_pcd_ex.c ****             the HAL_PCDEx_LPM_Callback could be implemented in the user file
 310:Drivers/STM32H7xx_HAL_Driver/Src/stm32h7xx_hal_pcd_ex.c ****    */
 311:Drivers/STM32H7xx_HAL_Driver/Src/stm32h7xx_hal_pcd_ex.c **** }
 377              		.loc 1 311 1 is_stmt 0 view .LVU105
 378 0000 7047     		bx	lr
 379              		.cfi_endproc
 380              	.LFE148:
 382              		.section	.text.HAL_PCDEx_BCD_Callback,"ax",%progbits
 383              		.align	1
ARM GAS  C:\Users\chesn\AppData\Local\Temp\ccboJ9WQ.s 			page 13


 384              		.weak	HAL_PCDEx_BCD_Callback
 385              		.syntax unified
 386              		.thumb
 387              		.thumb_func
 388              		.fpu fpv5-d16
 390              	HAL_PCDEx_BCD_Callback:
 391              	.LVL29:
 392              	.LFB149:
 312:Drivers/STM32H7xx_HAL_Driver/Src/stm32h7xx_hal_pcd_ex.c **** 
 313:Drivers/STM32H7xx_HAL_Driver/Src/stm32h7xx_hal_pcd_ex.c **** /**
 314:Drivers/STM32H7xx_HAL_Driver/Src/stm32h7xx_hal_pcd_ex.c ****   * @brief  Send BatteryCharging message to user layer callback.
 315:Drivers/STM32H7xx_HAL_Driver/Src/stm32h7xx_hal_pcd_ex.c ****   * @param  hpcd PCD handle
 316:Drivers/STM32H7xx_HAL_Driver/Src/stm32h7xx_hal_pcd_ex.c ****   * @param  msg LPM message
 317:Drivers/STM32H7xx_HAL_Driver/Src/stm32h7xx_hal_pcd_ex.c ****   * @retval HAL status
 318:Drivers/STM32H7xx_HAL_Driver/Src/stm32h7xx_hal_pcd_ex.c ****   */
 319:Drivers/STM32H7xx_HAL_Driver/Src/stm32h7xx_hal_pcd_ex.c **** __weak void HAL_PCDEx_BCD_Callback(PCD_HandleTypeDef *hpcd, PCD_BCD_MsgTypeDef msg)
 320:Drivers/STM32H7xx_HAL_Driver/Src/stm32h7xx_hal_pcd_ex.c **** {
 393              		.loc 1 320 1 is_stmt 1 view -0
 394              		.cfi_startproc
 395              		@ args = 0, pretend = 0, frame = 0
 396              		@ frame_needed = 0, uses_anonymous_args = 0
 397              		@ link register save eliminated.
 321:Drivers/STM32H7xx_HAL_Driver/Src/stm32h7xx_hal_pcd_ex.c ****   /* Prevent unused argument(s) compilation warning */
 322:Drivers/STM32H7xx_HAL_Driver/Src/stm32h7xx_hal_pcd_ex.c ****   UNUSED(hpcd);
 398              		.loc 1 322 3 view .LVU107
 323:Drivers/STM32H7xx_HAL_Driver/Src/stm32h7xx_hal_pcd_ex.c ****   UNUSED(msg);
 399              		.loc 1 323 3 view .LVU108
 324:Drivers/STM32H7xx_HAL_Driver/Src/stm32h7xx_hal_pcd_ex.c **** 
 325:Drivers/STM32H7xx_HAL_Driver/Src/stm32h7xx_hal_pcd_ex.c ****   /* NOTE : This function should not be modified, when the callback is needed,
 326:Drivers/STM32H7xx_HAL_Driver/Src/stm32h7xx_hal_pcd_ex.c ****             the HAL_PCDEx_BCD_Callback could be implemented in the user file
 327:Drivers/STM32H7xx_HAL_Driver/Src/stm32h7xx_hal_pcd_ex.c ****    */
 328:Drivers/STM32H7xx_HAL_Driver/Src/stm32h7xx_hal_pcd_ex.c **** }
 400              		.loc 1 328 1 is_stmt 0 view .LVU109
 401 0000 7047     		bx	lr
 402              		.cfi_endproc
 403              	.LFE149:
 405              		.section	.text.HAL_PCDEx_BCD_VBUSDetect,"ax",%progbits
 406              		.align	1
 407              		.global	HAL_PCDEx_BCD_VBUSDetect
 408              		.syntax unified
 409              		.thumb
 410              		.thumb_func
 411              		.fpu fpv5-d16
 413              	HAL_PCDEx_BCD_VBUSDetect:
 414              	.LVL30:
 415              	.LFB145:
 160:Drivers/STM32H7xx_HAL_Driver/Src/stm32h7xx_hal_pcd_ex.c ****   USB_OTG_GlobalTypeDef *USBx = hpcd->Instance;
 416              		.loc 1 160 1 is_stmt 1 view -0
 417              		.cfi_startproc
 418              		@ args = 0, pretend = 0, frame = 0
 419              		@ frame_needed = 0, uses_anonymous_args = 0
 160:Drivers/STM32H7xx_HAL_Driver/Src/stm32h7xx_hal_pcd_ex.c ****   USB_OTG_GlobalTypeDef *USBx = hpcd->Instance;
 420              		.loc 1 160 1 is_stmt 0 view .LVU111
 421 0000 70B5     		push	{r4, r5, r6, lr}
 422              	.LCFI2:
 423              		.cfi_def_cfa_offset 16
 424              		.cfi_offset 4, -16
ARM GAS  C:\Users\chesn\AppData\Local\Temp\ccboJ9WQ.s 			page 14


 425              		.cfi_offset 5, -12
 426              		.cfi_offset 6, -8
 427              		.cfi_offset 14, -4
 428 0002 0646     		mov	r6, r0
 161:Drivers/STM32H7xx_HAL_Driver/Src/stm32h7xx_hal_pcd_ex.c ****   uint32_t tickstart = HAL_GetTick();
 429              		.loc 1 161 3 is_stmt 1 view .LVU112
 161:Drivers/STM32H7xx_HAL_Driver/Src/stm32h7xx_hal_pcd_ex.c ****   uint32_t tickstart = HAL_GetTick();
 430              		.loc 1 161 26 is_stmt 0 view .LVU113
 431 0004 0468     		ldr	r4, [r0]
 432              	.LVL31:
 162:Drivers/STM32H7xx_HAL_Driver/Src/stm32h7xx_hal_pcd_ex.c **** 
 433              		.loc 1 162 3 is_stmt 1 view .LVU114
 162:Drivers/STM32H7xx_HAL_Driver/Src/stm32h7xx_hal_pcd_ex.c **** 
 434              		.loc 1 162 24 is_stmt 0 view .LVU115
 435 0006 FFF7FEFF 		bl	HAL_GetTick
 436              	.LVL32:
 162:Drivers/STM32H7xx_HAL_Driver/Src/stm32h7xx_hal_pcd_ex.c **** 
 437              		.loc 1 162 24 view .LVU116
 438 000a 0546     		mov	r5, r0
 439              	.LVL33:
 165:Drivers/STM32H7xx_HAL_Driver/Src/stm32h7xx_hal_pcd_ex.c **** 
 440              		.loc 1 165 3 is_stmt 1 view .LVU117
 165:Drivers/STM32H7xx_HAL_Driver/Src/stm32h7xx_hal_pcd_ex.c **** 
 441              		.loc 1 165 15 is_stmt 0 view .LVU118
 442 000c A36B     		ldr	r3, [r4, #56]
 443 000e 43F48023 		orr	r3, r3, #262144
 444 0012 A363     		str	r3, [r4, #56]
 168:Drivers/STM32H7xx_HAL_Driver/Src/stm32h7xx_hal_pcd_ex.c ****   {
 445              		.loc 1 168 3 is_stmt 1 view .LVU119
 446              	.LVL34:
 447              	.L20:
 168:Drivers/STM32H7xx_HAL_Driver/Src/stm32h7xx_hal_pcd_ex.c ****   {
 448              		.loc 1 168 9 view .LVU120
 168:Drivers/STM32H7xx_HAL_Driver/Src/stm32h7xx_hal_pcd_ex.c ****   {
 449              		.loc 1 168 15 is_stmt 0 view .LVU121
 450 0014 A36B     		ldr	r3, [r4, #56]
 168:Drivers/STM32H7xx_HAL_Driver/Src/stm32h7xx_hal_pcd_ex.c ****   {
 451              		.loc 1 168 9 view .LVU122
 452 0016 13F0010F 		tst	r3, #1
 453 001a 0AD1     		bne	.L28
 171:Drivers/STM32H7xx_HAL_Driver/Src/stm32h7xx_hal_pcd_ex.c ****     {
 454              		.loc 1 171 5 is_stmt 1 view .LVU123
 171:Drivers/STM32H7xx_HAL_Driver/Src/stm32h7xx_hal_pcd_ex.c ****     {
 455              		.loc 1 171 10 is_stmt 0 view .LVU124
 456 001c FFF7FEFF 		bl	HAL_GetTick
 457              	.LVL35:
 171:Drivers/STM32H7xx_HAL_Driver/Src/stm32h7xx_hal_pcd_ex.c ****     {
 458              		.loc 1 171 24 view .LVU125
 459 0020 401B     		subs	r0, r0, r5
 171:Drivers/STM32H7xx_HAL_Driver/Src/stm32h7xx_hal_pcd_ex.c ****     {
 460              		.loc 1 171 8 view .LVU126
 461 0022 B0F57A7F 		cmp	r0, #1000
 462 0026 F5D9     		bls	.L20
 176:Drivers/STM32H7xx_HAL_Driver/Src/stm32h7xx_hal_pcd_ex.c **** #endif /* USE_HAL_PCD_REGISTER_CALLBACKS */
 463              		.loc 1 176 7 is_stmt 1 view .LVU127
 464 0028 FF21     		movs	r1, #255
 465 002a 3046     		mov	r0, r6
ARM GAS  C:\Users\chesn\AppData\Local\Temp\ccboJ9WQ.s 			page 15


 466 002c FFF7FEFF 		bl	HAL_PCDEx_BCD_Callback
 467              	.LVL36:
 179:Drivers/STM32H7xx_HAL_Driver/Src/stm32h7xx_hal_pcd_ex.c ****     }
 468              		.loc 1 179 7 view .LVU128
 469 0030 23E0     		b	.L19
 470              	.L28:
 184:Drivers/STM32H7xx_HAL_Driver/Src/stm32h7xx_hal_pcd_ex.c **** 
 471              		.loc 1 184 3 view .LVU129
 472 0032 C820     		movs	r0, #200
 473 0034 FFF7FEFF 		bl	HAL_Delay
 474              	.LVL37:
 187:Drivers/STM32H7xx_HAL_Driver/Src/stm32h7xx_hal_pcd_ex.c ****   {
 475              		.loc 1 187 3 view .LVU130
 187:Drivers/STM32H7xx_HAL_Driver/Src/stm32h7xx_hal_pcd_ex.c ****   {
 476              		.loc 1 187 12 is_stmt 0 view .LVU131
 477 0038 A36B     		ldr	r3, [r4, #56]
 187:Drivers/STM32H7xx_HAL_Driver/Src/stm32h7xx_hal_pcd_ex.c ****   {
 478              		.loc 1 187 6 view .LVU132
 479 003a 13F0010F 		tst	r3, #1
 480 003e 1DD1     		bne	.L29
 481              	.L23:
 198:Drivers/STM32H7xx_HAL_Driver/Src/stm32h7xx_hal_pcd_ex.c ****   HAL_Delay(50U);
 482              		.loc 1 198 3 is_stmt 1 view .LVU133
 198:Drivers/STM32H7xx_HAL_Driver/Src/stm32h7xx_hal_pcd_ex.c ****   HAL_Delay(50U);
 483              		.loc 1 198 15 is_stmt 0 view .LVU134
 484 0040 A36B     		ldr	r3, [r4, #56]
 485 0042 23F48023 		bic	r3, r3, #262144
 486 0046 A363     		str	r3, [r4, #56]
 199:Drivers/STM32H7xx_HAL_Driver/Src/stm32h7xx_hal_pcd_ex.c ****   USBx->GCCFG |=  USB_OTG_GCCFG_PDEN;
 487              		.loc 1 199 3 is_stmt 1 view .LVU135
 488 0048 3220     		movs	r0, #50
 489 004a FFF7FEFF 		bl	HAL_Delay
 490              	.LVL38:
 200:Drivers/STM32H7xx_HAL_Driver/Src/stm32h7xx_hal_pcd_ex.c ****   HAL_Delay(50U);
 491              		.loc 1 200 3 view .LVU136
 200:Drivers/STM32H7xx_HAL_Driver/Src/stm32h7xx_hal_pcd_ex.c ****   HAL_Delay(50U);
 492              		.loc 1 200 15 is_stmt 0 view .LVU137
 493 004e A36B     		ldr	r3, [r4, #56]
 494 0050 43F40023 		orr	r3, r3, #524288
 495 0054 A363     		str	r3, [r4, #56]
 201:Drivers/STM32H7xx_HAL_Driver/Src/stm32h7xx_hal_pcd_ex.c **** 
 496              		.loc 1 201 3 is_stmt 1 view .LVU138
 497 0056 3220     		movs	r0, #50
 498 0058 FFF7FEFF 		bl	HAL_Delay
 499              	.LVL39:
 203:Drivers/STM32H7xx_HAL_Driver/Src/stm32h7xx_hal_pcd_ex.c ****   {
 500              		.loc 1 203 3 view .LVU139
 203:Drivers/STM32H7xx_HAL_Driver/Src/stm32h7xx_hal_pcd_ex.c ****   {
 501              		.loc 1 203 12 is_stmt 0 view .LVU140
 502 005c A36B     		ldr	r3, [r4, #56]
 203:Drivers/STM32H7xx_HAL_Driver/Src/stm32h7xx_hal_pcd_ex.c ****   {
 503              		.loc 1 203 6 view .LVU141
 504 005e 13F0020F 		tst	r3, #2
 505 0062 10D1     		bne	.L24
 209:Drivers/STM32H7xx_HAL_Driver/Src/stm32h7xx_hal_pcd_ex.c **** #endif /* USE_HAL_PCD_REGISTER_CALLBACKS */
 506              		.loc 1 209 5 is_stmt 1 view .LVU142
 507 0064 FD21     		movs	r1, #253
ARM GAS  C:\Users\chesn\AppData\Local\Temp\ccboJ9WQ.s 			page 16


 508 0066 3046     		mov	r0, r6
 509 0068 FFF7FEFF 		bl	HAL_PCDEx_BCD_Callback
 510              	.LVL40:
 511              	.L25:
 242:Drivers/STM32H7xx_HAL_Driver/Src/stm32h7xx_hal_pcd_ex.c **** 
 512              		.loc 1 242 3 view .LVU143
 242:Drivers/STM32H7xx_HAL_Driver/Src/stm32h7xx_hal_pcd_ex.c **** 
 513              		.loc 1 242 9 is_stmt 0 view .LVU144
 514 006c 3046     		mov	r0, r6
 515 006e FFF7FEFF 		bl	HAL_PCDEx_DeActivateBCD
 516              	.LVL41:
 247:Drivers/STM32H7xx_HAL_Driver/Src/stm32h7xx_hal_pcd_ex.c **** #endif /* USE_HAL_PCD_REGISTER_CALLBACKS */
 517              		.loc 1 247 3 is_stmt 1 view .LVU145
 518 0072 0021     		movs	r1, #0
 519 0074 3046     		mov	r0, r6
 520 0076 FFF7FEFF 		bl	HAL_PCDEx_BCD_Callback
 521              	.LVL42:
 522              	.L19:
 249:Drivers/STM32H7xx_HAL_Driver/Src/stm32h7xx_hal_pcd_ex.c **** 
 523              		.loc 1 249 1 is_stmt 0 view .LVU146
 524 007a 70BD     		pop	{r4, r5, r6, pc}
 525              	.LVL43:
 526              	.L29:
 192:Drivers/STM32H7xx_HAL_Driver/Src/stm32h7xx_hal_pcd_ex.c **** #endif /* USE_HAL_PCD_REGISTER_CALLBACKS */
 527              		.loc 1 192 5 is_stmt 1 view .LVU147
 528 007c FE21     		movs	r1, #254
 529 007e 3046     		mov	r0, r6
 530 0080 FFF7FEFF 		bl	HAL_PCDEx_BCD_Callback
 531              	.LVL44:
 532 0084 DCE7     		b	.L23
 533              	.L24:
 216:Drivers/STM32H7xx_HAL_Driver/Src/stm32h7xx_hal_pcd_ex.c ****     HAL_Delay(50U);
 534              		.loc 1 216 5 view .LVU148
 216:Drivers/STM32H7xx_HAL_Driver/Src/stm32h7xx_hal_pcd_ex.c ****     HAL_Delay(50U);
 535              		.loc 1 216 17 is_stmt 0 view .LVU149
 536 0086 A36B     		ldr	r3, [r4, #56]
 537 0088 23F40023 		bic	r3, r3, #524288
 538 008c A363     		str	r3, [r4, #56]
 217:Drivers/STM32H7xx_HAL_Driver/Src/stm32h7xx_hal_pcd_ex.c ****     USBx->GCCFG |=  USB_OTG_GCCFG_SDEN;
 539              		.loc 1 217 5 is_stmt 1 view .LVU150
 540 008e 3220     		movs	r0, #50
 541 0090 FFF7FEFF 		bl	HAL_Delay
 542              	.LVL45:
 218:Drivers/STM32H7xx_HAL_Driver/Src/stm32h7xx_hal_pcd_ex.c ****     HAL_Delay(50U);
 543              		.loc 1 218 5 view .LVU151
 218:Drivers/STM32H7xx_HAL_Driver/Src/stm32h7xx_hal_pcd_ex.c ****     HAL_Delay(50U);
 544              		.loc 1 218 17 is_stmt 0 view .LVU152
 545 0094 A36B     		ldr	r3, [r4, #56]
 546 0096 43F48013 		orr	r3, r3, #1048576
 547 009a A363     		str	r3, [r4, #56]
 219:Drivers/STM32H7xx_HAL_Driver/Src/stm32h7xx_hal_pcd_ex.c **** 
 548              		.loc 1 219 5 is_stmt 1 view .LVU153
 549 009c 3220     		movs	r0, #50
 550 009e FFF7FEFF 		bl	HAL_Delay
 551              	.LVL46:
 221:Drivers/STM32H7xx_HAL_Driver/Src/stm32h7xx_hal_pcd_ex.c ****     {
 552              		.loc 1 221 5 view .LVU154
ARM GAS  C:\Users\chesn\AppData\Local\Temp\ccboJ9WQ.s 			page 17


 221:Drivers/STM32H7xx_HAL_Driver/Src/stm32h7xx_hal_pcd_ex.c ****     {
 553              		.loc 1 221 14 is_stmt 0 view .LVU155
 554 00a2 A36B     		ldr	r3, [r4, #56]
 221:Drivers/STM32H7xx_HAL_Driver/Src/stm32h7xx_hal_pcd_ex.c ****     {
 555              		.loc 1 221 8 view .LVU156
 556 00a4 13F0040F 		tst	r3, #4
 557 00a8 04D0     		beq	.L26
 227:Drivers/STM32H7xx_HAL_Driver/Src/stm32h7xx_hal_pcd_ex.c **** #endif /* USE_HAL_PCD_REGISTER_CALLBACKS */
 558              		.loc 1 227 7 is_stmt 1 view .LVU157
 559 00aa FB21     		movs	r1, #251
 560 00ac 3046     		mov	r0, r6
 561 00ae FFF7FEFF 		bl	HAL_PCDEx_BCD_Callback
 562              	.LVL47:
 563 00b2 DBE7     		b	.L25
 564              	.L26:
 236:Drivers/STM32H7xx_HAL_Driver/Src/stm32h7xx_hal_pcd_ex.c **** #endif /* USE_HAL_PCD_REGISTER_CALLBACKS */
 565              		.loc 1 236 7 view .LVU158
 566 00b4 FC21     		movs	r1, #252
 567 00b6 3046     		mov	r0, r6
 568 00b8 FFF7FEFF 		bl	HAL_PCDEx_BCD_Callback
 569              	.LVL48:
 570 00bc D6E7     		b	.L25
 571              		.cfi_endproc
 572              	.LFE145:
 574              		.text
 575              	.Letext0:
 576              		.file 2 "c:\\users\\chesn\\appdata\\roaming\\gnu mcu eclipse\\arm embedded gcc\\xpack-arm-none-eab
 577              		.file 3 "c:\\users\\chesn\\appdata\\roaming\\gnu mcu eclipse\\arm embedded gcc\\xpack-arm-none-eab
 578              		.file 4 "Drivers/CMSIS/Include/core_cm7.h"
 579              		.file 5 "Drivers/CMSIS/Device/ST/STM32H7xx/Include/system_stm32h7xx.h"
 580              		.file 6 "Drivers/CMSIS/Device/ST/STM32H7xx/Include/stm32h743xx.h"
 581              		.file 7 "c:\\users\\chesn\\appdata\\roaming\\gnu mcu eclipse\\arm embedded gcc\\xpack-arm-none-eab
 582              		.file 8 "c:\\users\\chesn\\appdata\\roaming\\gnu mcu eclipse\\arm embedded gcc\\xpack-arm-none-eab
 583              		.file 9 "c:\\users\\chesn\\appdata\\roaming\\gnu mcu eclipse\\arm embedded gcc\\xpack-arm-none-eab
 584              		.file 10 "c:\\users\\chesn\\appdata\\roaming\\gnu mcu eclipse\\arm embedded gcc\\xpack-arm-none-ea
 585              		.file 11 "c:\\users\\chesn\\appdata\\roaming\\gnu mcu eclipse\\arm embedded gcc\\xpack-arm-none-ea
 586              		.file 12 "Drivers/STM32H7xx_HAL_Driver/Inc/stm32h7xx_hal_def.h"
 587              		.file 13 "Drivers/STM32H7xx_HAL_Driver/Inc/stm32h7xx_hal_flash.h"
 588              		.file 14 "Drivers/STM32H7xx_HAL_Driver/Inc/stm32h7xx_ll_usb.h"
 589              		.file 15 "Drivers/STM32H7xx_HAL_Driver/Inc/stm32h7xx_hal_pcd.h"
 590              		.file 16 "Drivers/STM32H7xx_HAL_Driver/Inc/stm32h7xx_hal.h"
ARM GAS  C:\Users\chesn\AppData\Local\Temp\ccboJ9WQ.s 			page 18


DEFINED SYMBOLS
                            *ABS*:0000000000000000 stm32h7xx_hal_pcd_ex.c
C:\Users\chesn\AppData\Local\Temp\ccboJ9WQ.s:17     .text.HAL_PCDEx_SetTxFiFo:0000000000000000 $t
C:\Users\chesn\AppData\Local\Temp\ccboJ9WQ.s:25     .text.HAL_PCDEx_SetTxFiFo:0000000000000000 HAL_PCDEx_SetTxFiFo
C:\Users\chesn\AppData\Local\Temp\ccboJ9WQ.s:120    .text.HAL_PCDEx_SetRxFiFo:0000000000000000 $t
C:\Users\chesn\AppData\Local\Temp\ccboJ9WQ.s:127    .text.HAL_PCDEx_SetRxFiFo:0000000000000000 HAL_PCDEx_SetRxFiFo
C:\Users\chesn\AppData\Local\Temp\ccboJ9WQ.s:150    .text.HAL_PCDEx_ActivateLPM:0000000000000000 $t
C:\Users\chesn\AppData\Local\Temp\ccboJ9WQ.s:157    .text.HAL_PCDEx_ActivateLPM:0000000000000000 HAL_PCDEx_ActivateLPM
C:\Users\chesn\AppData\Local\Temp\ccboJ9WQ.s:200    .text.HAL_PCDEx_ActivateLPM:0000000000000024 $d
C:\Users\chesn\AppData\Local\Temp\ccboJ9WQ.s:205    .text.HAL_PCDEx_DeActivateLPM:0000000000000000 $t
C:\Users\chesn\AppData\Local\Temp\ccboJ9WQ.s:212    .text.HAL_PCDEx_DeActivateLPM:0000000000000000 HAL_PCDEx_DeActivateLPM
C:\Users\chesn\AppData\Local\Temp\ccboJ9WQ.s:251    .text.HAL_PCDEx_DeActivateLPM:000000000000001c $d
C:\Users\chesn\AppData\Local\Temp\ccboJ9WQ.s:256    .text.HAL_PCDEx_ActivateBCD:0000000000000000 $t
C:\Users\chesn\AppData\Local\Temp\ccboJ9WQ.s:263    .text.HAL_PCDEx_ActivateBCD:0000000000000000 HAL_PCDEx_ActivateBCD
C:\Users\chesn\AppData\Local\Temp\ccboJ9WQ.s:311    .text.HAL_PCDEx_DeActivateBCD:0000000000000000 $t
C:\Users\chesn\AppData\Local\Temp\ccboJ9WQ.s:318    .text.HAL_PCDEx_DeActivateBCD:0000000000000000 HAL_PCDEx_DeActivateBCD
C:\Users\chesn\AppData\Local\Temp\ccboJ9WQ.s:360    .text.HAL_PCDEx_LPM_Callback:0000000000000000 $t
C:\Users\chesn\AppData\Local\Temp\ccboJ9WQ.s:367    .text.HAL_PCDEx_LPM_Callback:0000000000000000 HAL_PCDEx_LPM_Callback
C:\Users\chesn\AppData\Local\Temp\ccboJ9WQ.s:383    .text.HAL_PCDEx_BCD_Callback:0000000000000000 $t
C:\Users\chesn\AppData\Local\Temp\ccboJ9WQ.s:390    .text.HAL_PCDEx_BCD_Callback:0000000000000000 HAL_PCDEx_BCD_Callback
C:\Users\chesn\AppData\Local\Temp\ccboJ9WQ.s:406    .text.HAL_PCDEx_BCD_VBUSDetect:0000000000000000 $t
C:\Users\chesn\AppData\Local\Temp\ccboJ9WQ.s:413    .text.HAL_PCDEx_BCD_VBUSDetect:0000000000000000 HAL_PCDEx_BCD_VBUSDetect

UNDEFINED SYMBOLS
HAL_GetTick
HAL_Delay
