ARM GAS  C:\Users\chesn\AppData\Local\Temp\ccXUeVWn.s 			page 1


   1              		.cpu cortex-m7
   2              		.eabi_attribute 28, 1
   3              		.eabi_attribute 20, 1
   4              		.eabi_attribute 21, 1
   5              		.eabi_attribute 23, 3
   6              		.eabi_attribute 24, 1
   7              		.eabi_attribute 25, 1
   8              		.eabi_attribute 26, 1
   9              		.eabi_attribute 30, 1
  10              		.eabi_attribute 34, 1
  11              		.eabi_attribute 18, 4
  12              		.file	"stm32h7xx_hal_tim_ex.c"
  13              		.text
  14              	.Ltext0:
  15              		.cfi_sections	.debug_frame
  16              	.Letext0:
  17              		.file 1 "c:\\users\\chesn\\appdata\\roaming\\gnu mcu eclipse\\arm embedded gcc\\xpack-arm-none-eab
  18              		.file 2 "c:\\users\\chesn\\appdata\\roaming\\gnu mcu eclipse\\arm embedded gcc\\xpack-arm-none-eab
  19              		.file 3 "Drivers/CMSIS/Include/core_cm7.h"
  20              		.file 4 "Drivers/CMSIS/Device/ST/STM32H7xx/Include/system_stm32h7xx.h"
  21              		.file 5 "c:\\users\\chesn\\appdata\\roaming\\gnu mcu eclipse\\arm embedded gcc\\xpack-arm-none-eab
  22              		.file 6 "c:\\users\\chesn\\appdata\\roaming\\gnu mcu eclipse\\arm embedded gcc\\xpack-arm-none-eab
  23              		.file 7 "c:\\users\\chesn\\appdata\\roaming\\gnu mcu eclipse\\arm embedded gcc\\xpack-arm-none-eab
  24              		.file 8 "c:\\users\\chesn\\appdata\\roaming\\gnu mcu eclipse\\arm embedded gcc\\xpack-arm-none-eab
  25              		.file 9 "c:\\users\\chesn\\appdata\\roaming\\gnu mcu eclipse\\arm embedded gcc\\xpack-arm-none-eab
  26              		.file 10 "Drivers/STM32H7xx_HAL_Driver/Inc/stm32h7xx_hal_def.h"
  27              		.file 11 "Drivers/STM32H7xx_HAL_Driver/Inc/stm32h7xx_hal_flash.h"
  28              		.file 12 "Drivers/STM32H7xx_HAL_Driver/Inc/stm32h7xx_hal.h"
ARM GAS  C:\Users\chesn\AppData\Local\Temp\ccXUeVWn.s 			page 2


DEFINED SYMBOLS
                            *ABS*:0000000000000000 stm32h7xx_hal_tim_ex.c

NO UNDEFINED SYMBOLS
