ARM GAS  C:\Users\chesn\AppData\Local\Temp\cc13B8aW.s 			page 1


   1              		.cpu cortex-m7
   2              		.eabi_attribute 28, 1
   3              		.eabi_attribute 20, 1
   4              		.eabi_attribute 21, 1
   5              		.eabi_attribute 23, 3
   6              		.eabi_attribute 24, 1
   7              		.eabi_attribute 25, 1
   8              		.eabi_attribute 26, 1
   9              		.eabi_attribute 30, 1
  10              		.eabi_attribute 34, 1
  11              		.eabi_attribute 18, 4
  12              		.file	"stm32h7xx_it.c"
  13              		.text
  14              	.Ltext0:
  15              		.cfi_sections	.debug_frame
  16              		.section	.text.NMI_Handler,"ax",%progbits
  17              		.align	1
  18              		.global	NMI_Handler
  19              		.arch armv7e-m
  20              		.syntax unified
  21              		.thumb
  22              		.thumb_func
  23              		.fpu fpv5-d16
  25              	NMI_Handler:
  26              	.LFB141:
  27              		.file 1 "Src/stm32h7xx_it.c"
   1:Src/stm32h7xx_it.c **** /* USER CODE BEGIN Header */
   2:Src/stm32h7xx_it.c **** /**
   3:Src/stm32h7xx_it.c ****   ******************************************************************************
   4:Src/stm32h7xx_it.c ****   * @file    stm32h7xx_it.c
   5:Src/stm32h7xx_it.c ****   * @brief   Interrupt Service Routines.
   6:Src/stm32h7xx_it.c ****   ******************************************************************************
   7:Src/stm32h7xx_it.c ****   * @attention
   8:Src/stm32h7xx_it.c ****   *
   9:Src/stm32h7xx_it.c ****   * <h2><center>&copy; Copyright (c) 2020 STMicroelectronics.
  10:Src/stm32h7xx_it.c ****   * All rights reserved.</center></h2>
  11:Src/stm32h7xx_it.c ****   *
  12:Src/stm32h7xx_it.c ****   * This software component is licensed by ST under BSD 3-Clause license,
  13:Src/stm32h7xx_it.c ****   * the "License"; You may not use this file except in compliance with the
  14:Src/stm32h7xx_it.c ****   * License. You may obtain a copy of the License at:
  15:Src/stm32h7xx_it.c ****   *                        opensource.org/licenses/BSD-3-Clause
  16:Src/stm32h7xx_it.c ****   *
  17:Src/stm32h7xx_it.c ****   ******************************************************************************
  18:Src/stm32h7xx_it.c ****   */
  19:Src/stm32h7xx_it.c **** /* USER CODE END Header */
  20:Src/stm32h7xx_it.c **** 
  21:Src/stm32h7xx_it.c **** /* Includes ------------------------------------------------------------------*/
  22:Src/stm32h7xx_it.c **** #include "main.h"
  23:Src/stm32h7xx_it.c **** #include "stm32h7xx_it.h"
  24:Src/stm32h7xx_it.c **** /* Private includes ----------------------------------------------------------*/
  25:Src/stm32h7xx_it.c **** /* USER CODE BEGIN Includes */
  26:Src/stm32h7xx_it.c **** /* USER CODE END Includes */
  27:Src/stm32h7xx_it.c **** 
  28:Src/stm32h7xx_it.c **** /* Private typedef -----------------------------------------------------------*/
  29:Src/stm32h7xx_it.c **** /* USER CODE BEGIN TD */
  30:Src/stm32h7xx_it.c **** 
  31:Src/stm32h7xx_it.c **** /* USER CODE END TD */
ARM GAS  C:\Users\chesn\AppData\Local\Temp\cc13B8aW.s 			page 2


  32:Src/stm32h7xx_it.c **** 
  33:Src/stm32h7xx_it.c **** /* Private define ------------------------------------------------------------*/
  34:Src/stm32h7xx_it.c **** /* USER CODE BEGIN PD */
  35:Src/stm32h7xx_it.c ****  
  36:Src/stm32h7xx_it.c **** /* USER CODE END PD */
  37:Src/stm32h7xx_it.c **** 
  38:Src/stm32h7xx_it.c **** /* Private macro -------------------------------------------------------------*/
  39:Src/stm32h7xx_it.c **** /* USER CODE BEGIN PM */
  40:Src/stm32h7xx_it.c **** 
  41:Src/stm32h7xx_it.c **** /* USER CODE END PM */
  42:Src/stm32h7xx_it.c **** 
  43:Src/stm32h7xx_it.c **** /* Private variables ---------------------------------------------------------*/
  44:Src/stm32h7xx_it.c **** /* USER CODE BEGIN PV */
  45:Src/stm32h7xx_it.c **** 
  46:Src/stm32h7xx_it.c **** /* USER CODE END PV */
  47:Src/stm32h7xx_it.c **** 
  48:Src/stm32h7xx_it.c **** /* Private function prototypes -----------------------------------------------*/
  49:Src/stm32h7xx_it.c **** /* USER CODE BEGIN PFP */
  50:Src/stm32h7xx_it.c **** 
  51:Src/stm32h7xx_it.c **** /* USER CODE END PFP */
  52:Src/stm32h7xx_it.c **** 
  53:Src/stm32h7xx_it.c **** /* Private user code ---------------------------------------------------------*/
  54:Src/stm32h7xx_it.c **** /* USER CODE BEGIN 0 */
  55:Src/stm32h7xx_it.c **** 
  56:Src/stm32h7xx_it.c **** /* USER CODE END 0 */
  57:Src/stm32h7xx_it.c **** 
  58:Src/stm32h7xx_it.c **** /* External variables --------------------------------------------------------*/
  59:Src/stm32h7xx_it.c **** 
  60:Src/stm32h7xx_it.c **** /* USER CODE BEGIN EV */
  61:Src/stm32h7xx_it.c **** 
  62:Src/stm32h7xx_it.c **** /* USER CODE END EV */
  63:Src/stm32h7xx_it.c **** 
  64:Src/stm32h7xx_it.c **** /******************************************************************************/
  65:Src/stm32h7xx_it.c **** /*           Cortex Processor Interruption and Exception Handlers          */ 
  66:Src/stm32h7xx_it.c **** /******************************************************************************/
  67:Src/stm32h7xx_it.c **** /**
  68:Src/stm32h7xx_it.c ****   * @brief This function handles Non maskable interrupt.
  69:Src/stm32h7xx_it.c ****   */
  70:Src/stm32h7xx_it.c **** void NMI_Handler(void)
  71:Src/stm32h7xx_it.c **** {
  28              		.loc 1 71 1 view -0
  29              		.cfi_startproc
  30              		@ args = 0, pretend = 0, frame = 0
  31              		@ frame_needed = 0, uses_anonymous_args = 0
  32              		@ link register save eliminated.
  72:Src/stm32h7xx_it.c ****   /* USER CODE BEGIN NonMaskableInt_IRQn 0 */
  73:Src/stm32h7xx_it.c **** 
  74:Src/stm32h7xx_it.c ****   /* USER CODE END NonMaskableInt_IRQn 0 */
  75:Src/stm32h7xx_it.c ****   /* USER CODE BEGIN NonMaskableInt_IRQn 1 */
  76:Src/stm32h7xx_it.c **** 
  77:Src/stm32h7xx_it.c ****   /* USER CODE END NonMaskableInt_IRQn 1 */
  78:Src/stm32h7xx_it.c **** }
  33              		.loc 1 78 1 view .LVU1
  34 0000 7047     		bx	lr
  35              		.cfi_endproc
  36              	.LFE141:
  38              		.section	.text.HardFault_Handler,"ax",%progbits
ARM GAS  C:\Users\chesn\AppData\Local\Temp\cc13B8aW.s 			page 3


  39              		.align	1
  40              		.global	HardFault_Handler
  41              		.syntax unified
  42              		.thumb
  43              		.thumb_func
  44              		.fpu fpv5-d16
  46              	HardFault_Handler:
  47              	.LFB142:
  79:Src/stm32h7xx_it.c **** 
  80:Src/stm32h7xx_it.c **** /**
  81:Src/stm32h7xx_it.c ****   * @brief This function handles Hard fault interrupt.
  82:Src/stm32h7xx_it.c ****   */
  83:Src/stm32h7xx_it.c **** void HardFault_Handler(void)
  84:Src/stm32h7xx_it.c **** {
  48              		.loc 1 84 1 view -0
  49              		.cfi_startproc
  50              		@ Volatile: function does not return.
  51              		@ args = 0, pretend = 0, frame = 0
  52              		@ frame_needed = 0, uses_anonymous_args = 0
  53              		@ link register save eliminated.
  54              	.L3:
  85:Src/stm32h7xx_it.c ****   /* USER CODE BEGIN HardFault_IRQn 0 */
  86:Src/stm32h7xx_it.c **** 
  87:Src/stm32h7xx_it.c ****   /* USER CODE END HardFault_IRQn 0 */
  88:Src/stm32h7xx_it.c ****   while (1)
  55              		.loc 1 88 3 discriminator 1 view .LVU3
  89:Src/stm32h7xx_it.c ****   {
  90:Src/stm32h7xx_it.c ****     /* USER CODE BEGIN W1_HardFault_IRQn 0 */
  91:Src/stm32h7xx_it.c ****     /* USER CODE END W1_HardFault_IRQn 0 */
  92:Src/stm32h7xx_it.c ****   }
  56              		.loc 1 92 3 discriminator 1 view .LVU4
  88:Src/stm32h7xx_it.c ****   {
  57              		.loc 1 88 9 discriminator 1 view .LVU5
  58 0000 FEE7     		b	.L3
  59              		.cfi_endproc
  60              	.LFE142:
  62              		.section	.text.MemManage_Handler,"ax",%progbits
  63              		.align	1
  64              		.global	MemManage_Handler
  65              		.syntax unified
  66              		.thumb
  67              		.thumb_func
  68              		.fpu fpv5-d16
  70              	MemManage_Handler:
  71              	.LFB143:
  93:Src/stm32h7xx_it.c **** }
  94:Src/stm32h7xx_it.c **** 
  95:Src/stm32h7xx_it.c **** /**
  96:Src/stm32h7xx_it.c ****   * @brief This function handles Memory management fault.
  97:Src/stm32h7xx_it.c ****   */
  98:Src/stm32h7xx_it.c **** void MemManage_Handler(void)
  99:Src/stm32h7xx_it.c **** {
  72              		.loc 1 99 1 view -0
  73              		.cfi_startproc
  74              		@ Volatile: function does not return.
  75              		@ args = 0, pretend = 0, frame = 0
  76              		@ frame_needed = 0, uses_anonymous_args = 0
ARM GAS  C:\Users\chesn\AppData\Local\Temp\cc13B8aW.s 			page 4


  77              		@ link register save eliminated.
  78              	.L5:
 100:Src/stm32h7xx_it.c ****   /* USER CODE BEGIN MemoryManagement_IRQn 0 */
 101:Src/stm32h7xx_it.c **** 
 102:Src/stm32h7xx_it.c ****   /* USER CODE END MemoryManagement_IRQn 0 */
 103:Src/stm32h7xx_it.c ****   while (1)
  79              		.loc 1 103 3 discriminator 1 view .LVU7
 104:Src/stm32h7xx_it.c ****   {
 105:Src/stm32h7xx_it.c ****     /* USER CODE BEGIN W1_MemoryManagement_IRQn 0 */
 106:Src/stm32h7xx_it.c ****     /* USER CODE END W1_MemoryManagement_IRQn 0 */
 107:Src/stm32h7xx_it.c ****   }
  80              		.loc 1 107 3 discriminator 1 view .LVU8
 103:Src/stm32h7xx_it.c ****   {
  81              		.loc 1 103 9 discriminator 1 view .LVU9
  82 0000 FEE7     		b	.L5
  83              		.cfi_endproc
  84              	.LFE143:
  86              		.section	.text.BusFault_Handler,"ax",%progbits
  87              		.align	1
  88              		.global	BusFault_Handler
  89              		.syntax unified
  90              		.thumb
  91              		.thumb_func
  92              		.fpu fpv5-d16
  94              	BusFault_Handler:
  95              	.LFB144:
 108:Src/stm32h7xx_it.c **** }
 109:Src/stm32h7xx_it.c **** 
 110:Src/stm32h7xx_it.c **** /**
 111:Src/stm32h7xx_it.c ****   * @brief This function handles Pre-fetch fault, memory access fault.
 112:Src/stm32h7xx_it.c ****   */
 113:Src/stm32h7xx_it.c **** void BusFault_Handler(void)
 114:Src/stm32h7xx_it.c **** {
  96              		.loc 1 114 1 view -0
  97              		.cfi_startproc
  98              		@ Volatile: function does not return.
  99              		@ args = 0, pretend = 0, frame = 0
 100              		@ frame_needed = 0, uses_anonymous_args = 0
 101              		@ link register save eliminated.
 102              	.L7:
 115:Src/stm32h7xx_it.c ****   /* USER CODE BEGIN BusFault_IRQn 0 */
 116:Src/stm32h7xx_it.c **** 
 117:Src/stm32h7xx_it.c ****   /* USER CODE END BusFault_IRQn 0 */
 118:Src/stm32h7xx_it.c ****   while (1)
 103              		.loc 1 118 3 discriminator 1 view .LVU11
 119:Src/stm32h7xx_it.c ****   {
 120:Src/stm32h7xx_it.c ****     /* USER CODE BEGIN W1_BusFault_IRQn 0 */
 121:Src/stm32h7xx_it.c ****     /* USER CODE END W1_BusFault_IRQn 0 */
 122:Src/stm32h7xx_it.c ****   }
 104              		.loc 1 122 3 discriminator 1 view .LVU12
 118:Src/stm32h7xx_it.c ****   {
 105              		.loc 1 118 9 discriminator 1 view .LVU13
 106 0000 FEE7     		b	.L7
 107              		.cfi_endproc
 108              	.LFE144:
 110              		.section	.text.UsageFault_Handler,"ax",%progbits
 111              		.align	1
ARM GAS  C:\Users\chesn\AppData\Local\Temp\cc13B8aW.s 			page 5


 112              		.global	UsageFault_Handler
 113              		.syntax unified
 114              		.thumb
 115              		.thumb_func
 116              		.fpu fpv5-d16
 118              	UsageFault_Handler:
 119              	.LFB145:
 123:Src/stm32h7xx_it.c **** }
 124:Src/stm32h7xx_it.c **** 
 125:Src/stm32h7xx_it.c **** /**
 126:Src/stm32h7xx_it.c ****   * @brief This function handles Undefined instruction or illegal state.
 127:Src/stm32h7xx_it.c ****   */
 128:Src/stm32h7xx_it.c **** void UsageFault_Handler(void)
 129:Src/stm32h7xx_it.c **** {
 120              		.loc 1 129 1 view -0
 121              		.cfi_startproc
 122              		@ Volatile: function does not return.
 123              		@ args = 0, pretend = 0, frame = 0
 124              		@ frame_needed = 0, uses_anonymous_args = 0
 125              		@ link register save eliminated.
 126              	.L9:
 130:Src/stm32h7xx_it.c ****   /* USER CODE BEGIN UsageFault_IRQn 0 */
 131:Src/stm32h7xx_it.c **** 
 132:Src/stm32h7xx_it.c ****   /* USER CODE END UsageFault_IRQn 0 */
 133:Src/stm32h7xx_it.c ****   while (1)
 127              		.loc 1 133 3 discriminator 1 view .LVU15
 134:Src/stm32h7xx_it.c ****   {
 135:Src/stm32h7xx_it.c ****     /* USER CODE BEGIN W1_UsageFault_IRQn 0 */
 136:Src/stm32h7xx_it.c ****     /* USER CODE END W1_UsageFault_IRQn 0 */
 137:Src/stm32h7xx_it.c ****   }
 128              		.loc 1 137 3 discriminator 1 view .LVU16
 133:Src/stm32h7xx_it.c ****   {
 129              		.loc 1 133 9 discriminator 1 view .LVU17
 130 0000 FEE7     		b	.L9
 131              		.cfi_endproc
 132              	.LFE145:
 134              		.section	.text.SVC_Handler,"ax",%progbits
 135              		.align	1
 136              		.global	SVC_Handler
 137              		.syntax unified
 138              		.thumb
 139              		.thumb_func
 140              		.fpu fpv5-d16
 142              	SVC_Handler:
 143              	.LFB146:
 138:Src/stm32h7xx_it.c **** }
 139:Src/stm32h7xx_it.c **** 
 140:Src/stm32h7xx_it.c **** /**
 141:Src/stm32h7xx_it.c ****   * @brief This function handles System service call via SWI instruction.
 142:Src/stm32h7xx_it.c ****   */
 143:Src/stm32h7xx_it.c **** void SVC_Handler(void)
 144:Src/stm32h7xx_it.c **** {
 144              		.loc 1 144 1 view -0
 145              		.cfi_startproc
 146              		@ args = 0, pretend = 0, frame = 0
 147              		@ frame_needed = 0, uses_anonymous_args = 0
 148              		@ link register save eliminated.
ARM GAS  C:\Users\chesn\AppData\Local\Temp\cc13B8aW.s 			page 6


 145:Src/stm32h7xx_it.c ****   /* USER CODE BEGIN SVCall_IRQn 0 */
 146:Src/stm32h7xx_it.c **** 
 147:Src/stm32h7xx_it.c ****   /* USER CODE END SVCall_IRQn 0 */
 148:Src/stm32h7xx_it.c ****   /* USER CODE BEGIN SVCall_IRQn 1 */
 149:Src/stm32h7xx_it.c **** 
 150:Src/stm32h7xx_it.c ****   /* USER CODE END SVCall_IRQn 1 */
 151:Src/stm32h7xx_it.c **** }
 149              		.loc 1 151 1 view .LVU19
 150 0000 7047     		bx	lr
 151              		.cfi_endproc
 152              	.LFE146:
 154              		.section	.text.DebugMon_Handler,"ax",%progbits
 155              		.align	1
 156              		.global	DebugMon_Handler
 157              		.syntax unified
 158              		.thumb
 159              		.thumb_func
 160              		.fpu fpv5-d16
 162              	DebugMon_Handler:
 163              	.LFB147:
 152:Src/stm32h7xx_it.c **** 
 153:Src/stm32h7xx_it.c **** /**
 154:Src/stm32h7xx_it.c ****   * @brief This function handles Debug monitor.
 155:Src/stm32h7xx_it.c ****   */
 156:Src/stm32h7xx_it.c **** void DebugMon_Handler(void)
 157:Src/stm32h7xx_it.c **** {
 164              		.loc 1 157 1 view -0
 165              		.cfi_startproc
 166              		@ args = 0, pretend = 0, frame = 0
 167              		@ frame_needed = 0, uses_anonymous_args = 0
 168              		@ link register save eliminated.
 158:Src/stm32h7xx_it.c ****   /* USER CODE BEGIN DebugMonitor_IRQn 0 */
 159:Src/stm32h7xx_it.c **** 
 160:Src/stm32h7xx_it.c ****   /* USER CODE END DebugMonitor_IRQn 0 */
 161:Src/stm32h7xx_it.c ****   /* USER CODE BEGIN DebugMonitor_IRQn 1 */
 162:Src/stm32h7xx_it.c **** 
 163:Src/stm32h7xx_it.c ****   /* USER CODE END DebugMonitor_IRQn 1 */
 164:Src/stm32h7xx_it.c **** }
 169              		.loc 1 164 1 view .LVU21
 170 0000 7047     		bx	lr
 171              		.cfi_endproc
 172              	.LFE147:
 174              		.section	.text.PendSV_Handler,"ax",%progbits
 175              		.align	1
 176              		.global	PendSV_Handler
 177              		.syntax unified
 178              		.thumb
 179              		.thumb_func
 180              		.fpu fpv5-d16
 182              	PendSV_Handler:
 183              	.LFB148:
 165:Src/stm32h7xx_it.c **** 
 166:Src/stm32h7xx_it.c **** /**
 167:Src/stm32h7xx_it.c ****   * @brief This function handles Pendable request for system service.
 168:Src/stm32h7xx_it.c ****   */
 169:Src/stm32h7xx_it.c **** void PendSV_Handler(void)
 170:Src/stm32h7xx_it.c **** {
ARM GAS  C:\Users\chesn\AppData\Local\Temp\cc13B8aW.s 			page 7


 184              		.loc 1 170 1 view -0
 185              		.cfi_startproc
 186              		@ args = 0, pretend = 0, frame = 0
 187              		@ frame_needed = 0, uses_anonymous_args = 0
 188              		@ link register save eliminated.
 171:Src/stm32h7xx_it.c ****   /* USER CODE BEGIN PendSV_IRQn 0 */
 172:Src/stm32h7xx_it.c **** 
 173:Src/stm32h7xx_it.c ****   /* USER CODE END PendSV_IRQn 0 */
 174:Src/stm32h7xx_it.c ****   /* USER CODE BEGIN PendSV_IRQn 1 */
 175:Src/stm32h7xx_it.c **** 
 176:Src/stm32h7xx_it.c ****   /* USER CODE END PendSV_IRQn 1 */
 177:Src/stm32h7xx_it.c **** }
 189              		.loc 1 177 1 view .LVU23
 190 0000 7047     		bx	lr
 191              		.cfi_endproc
 192              	.LFE148:
 194              		.section	.text.SysTick_Handler,"ax",%progbits
 195              		.align	1
 196              		.global	SysTick_Handler
 197              		.syntax unified
 198              		.thumb
 199              		.thumb_func
 200              		.fpu fpv5-d16
 202              	SysTick_Handler:
 203              	.LFB149:
 178:Src/stm32h7xx_it.c **** 
 179:Src/stm32h7xx_it.c **** /**
 180:Src/stm32h7xx_it.c ****   * @brief This function handles System tick timer.
 181:Src/stm32h7xx_it.c ****   */
 182:Src/stm32h7xx_it.c **** void SysTick_Handler(void)
 183:Src/stm32h7xx_it.c **** {
 204              		.loc 1 183 1 view -0
 205              		.cfi_startproc
 206              		@ args = 0, pretend = 0, frame = 0
 207              		@ frame_needed = 0, uses_anonymous_args = 0
 208 0000 08B5     		push	{r3, lr}
 209              	.LCFI0:
 210              		.cfi_def_cfa_offset 8
 211              		.cfi_offset 3, -8
 212              		.cfi_offset 14, -4
 184:Src/stm32h7xx_it.c ****   /* USER CODE BEGIN SysTick_IRQn 0 */
 185:Src/stm32h7xx_it.c **** 
 186:Src/stm32h7xx_it.c ****   /* USER CODE END SysTick_IRQn 0 */
 187:Src/stm32h7xx_it.c ****   HAL_IncTick();
 213              		.loc 1 187 3 view .LVU25
 214 0002 FFF7FEFF 		bl	HAL_IncTick
 215              	.LVL0:
 188:Src/stm32h7xx_it.c ****   /* USER CODE BEGIN SysTick_IRQn 1 */
 189:Src/stm32h7xx_it.c **** 
 190:Src/stm32h7xx_it.c ****   /* USER CODE END SysTick_IRQn 1 */
 191:Src/stm32h7xx_it.c **** }
 216              		.loc 1 191 1 is_stmt 0 view .LVU26
 217 0006 08BD     		pop	{r3, pc}
 218              		.cfi_endproc
 219              	.LFE149:
 221              		.text
 222              	.Letext0:
ARM GAS  C:\Users\chesn\AppData\Local\Temp\cc13B8aW.s 			page 8


 223              		.file 2 "c:\\users\\chesn\\appdata\\roaming\\gnu mcu eclipse\\arm embedded gcc\\xpack-arm-none-eab
 224              		.file 3 "c:\\users\\chesn\\appdata\\roaming\\gnu mcu eclipse\\arm embedded gcc\\xpack-arm-none-eab
 225              		.file 4 "Drivers/CMSIS/Include/core_cm7.h"
 226              		.file 5 "Drivers/CMSIS/Device/ST/STM32H7xx/Include/system_stm32h7xx.h"
 227              		.file 6 "c:\\users\\chesn\\appdata\\roaming\\gnu mcu eclipse\\arm embedded gcc\\xpack-arm-none-eab
 228              		.file 7 "c:\\users\\chesn\\appdata\\roaming\\gnu mcu eclipse\\arm embedded gcc\\xpack-arm-none-eab
 229              		.file 8 "c:\\users\\chesn\\appdata\\roaming\\gnu mcu eclipse\\arm embedded gcc\\xpack-arm-none-eab
 230              		.file 9 "c:\\users\\chesn\\appdata\\roaming\\gnu mcu eclipse\\arm embedded gcc\\xpack-arm-none-eab
 231              		.file 10 "c:\\users\\chesn\\appdata\\roaming\\gnu mcu eclipse\\arm embedded gcc\\xpack-arm-none-ea
 232              		.file 11 "Drivers/STM32H7xx_HAL_Driver/Inc/stm32h7xx_hal_def.h"
 233              		.file 12 "Drivers/STM32H7xx_HAL_Driver/Inc/stm32h7xx_hal_flash.h"
 234              		.file 13 "Drivers/STM32H7xx_HAL_Driver/Inc/stm32h7xx_hal.h"
ARM GAS  C:\Users\chesn\AppData\Local\Temp\cc13B8aW.s 			page 9


DEFINED SYMBOLS
                            *ABS*:0000000000000000 stm32h7xx_it.c
C:\Users\chesn\AppData\Local\Temp\cc13B8aW.s:17     .text.NMI_Handler:0000000000000000 $t
C:\Users\chesn\AppData\Local\Temp\cc13B8aW.s:25     .text.NMI_Handler:0000000000000000 NMI_Handler
C:\Users\chesn\AppData\Local\Temp\cc13B8aW.s:39     .text.HardFault_Handler:0000000000000000 $t
C:\Users\chesn\AppData\Local\Temp\cc13B8aW.s:46     .text.HardFault_Handler:0000000000000000 HardFault_Handler
C:\Users\chesn\AppData\Local\Temp\cc13B8aW.s:63     .text.MemManage_Handler:0000000000000000 $t
C:\Users\chesn\AppData\Local\Temp\cc13B8aW.s:70     .text.MemManage_Handler:0000000000000000 MemManage_Handler
C:\Users\chesn\AppData\Local\Temp\cc13B8aW.s:87     .text.BusFault_Handler:0000000000000000 $t
C:\Users\chesn\AppData\Local\Temp\cc13B8aW.s:94     .text.BusFault_Handler:0000000000000000 BusFault_Handler
C:\Users\chesn\AppData\Local\Temp\cc13B8aW.s:111    .text.UsageFault_Handler:0000000000000000 $t
C:\Users\chesn\AppData\Local\Temp\cc13B8aW.s:118    .text.UsageFault_Handler:0000000000000000 UsageFault_Handler
C:\Users\chesn\AppData\Local\Temp\cc13B8aW.s:135    .text.SVC_Handler:0000000000000000 $t
C:\Users\chesn\AppData\Local\Temp\cc13B8aW.s:142    .text.SVC_Handler:0000000000000000 SVC_Handler
C:\Users\chesn\AppData\Local\Temp\cc13B8aW.s:155    .text.DebugMon_Handler:0000000000000000 $t
C:\Users\chesn\AppData\Local\Temp\cc13B8aW.s:162    .text.DebugMon_Handler:0000000000000000 DebugMon_Handler
C:\Users\chesn\AppData\Local\Temp\cc13B8aW.s:175    .text.PendSV_Handler:0000000000000000 $t
C:\Users\chesn\AppData\Local\Temp\cc13B8aW.s:182    .text.PendSV_Handler:0000000000000000 PendSV_Handler
C:\Users\chesn\AppData\Local\Temp\cc13B8aW.s:195    .text.SysTick_Handler:0000000000000000 $t
C:\Users\chesn\AppData\Local\Temp\cc13B8aW.s:202    .text.SysTick_Handler:0000000000000000 SysTick_Handler

UNDEFINED SYMBOLS
HAL_IncTick
